TN:
SF:src\App.tsx
FN:31,PageBoundary
FN:41,(anonymous_1)
FN:42,(anonymous_2)
FN:43,(anonymous_3)
FN:44,(anonymous_4)
FN:45,(anonymous_5)
FN:46,(anonymous_6)
FN:47,(anonymous_7)
FN:48,(anonymous_8)
FN:49,(anonymous_9)
FN:50,(anonymous_10)
FN:51,(anonymous_11)
FN:52,(anonymous_12)
FN:53,(anonymous_13)
FN:54,(anonymous_14)
FN:55,(anonymous_15)
FN:56,(anonymous_16)
FN:57,(anonymous_17)
FN:58,(anonymous_18)
FN:59,(anonymous_19)
FN:63,(anonymous_20)
FN:80,RootRedirect
FN:81,(anonymous_22)
FN:82,(anonymous_23)
FN:90,App
FN:91,(anonymous_25)
FN:92,(anonymous_26)
FN:95,(anonymous_27)
FN:96,(anonymous_28)
FN:96,(anonymous_29)
FN:100,(anonymous_30)
FN:104,(anonymous_31)
FNF:32
FNH:0
FNDA:0,PageBoundary
FNDA:0,(anonymous_1)
FNDA:0,(anonymous_2)
FNDA:0,(anonymous_3)
FNDA:0,(anonymous_4)
FNDA:0,(anonymous_5)
FNDA:0,(anonymous_6)
FNDA:0,(anonymous_7)
FNDA:0,(anonymous_8)
FNDA:0,(anonymous_9)
FNDA:0,(anonymous_10)
FNDA:0,(anonymous_11)
FNDA:0,(anonymous_12)
FNDA:0,(anonymous_13)
FNDA:0,(anonymous_14)
FNDA:0,(anonymous_15)
FNDA:0,(anonymous_16)
FNDA:0,(anonymous_17)
FNDA:0,(anonymous_18)
FNDA:0,(anonymous_19)
FNDA:0,(anonymous_20)
FNDA:0,RootRedirect
FNDA:0,(anonymous_22)
FNDA:0,(anonymous_23)
FNDA:0,App
FNDA:0,(anonymous_25)
FNDA:0,(anonymous_26)
FNDA:0,(anonymous_27)
FNDA:0,(anonymous_28)
FNDA:0,(anonymous_29)
FNDA:0,(anonymous_30)
FNDA:0,(anonymous_31)
DA:32,0
DA:41,0
DA:42,0
DA:43,0
DA:44,0
DA:45,0
DA:46,0
DA:47,0
DA:48,0
DA:49,0
DA:50,0
DA:51,0
DA:52,0
DA:53,0
DA:54,0
DA:55,0
DA:56,0
DA:57,0
DA:58,0
DA:59,0
DA:63,0
DA:64,0
DA:73,0
DA:74,0
DA:75,0
DA:76,0
DA:77,0
DA:78,0
DA:81,0
DA:82,0
DA:84,0
DA:85,0
DA:87,0
DA:91,0
DA:92,0
DA:95,0
DA:96,0
DA:97,0
DA:99,0
DA:100,0
DA:104,0
DA:105,0
DA:106,0
DA:109,0
LF:44
LH:0
BRDA:84,0,0,0
BRDA:84,0,1,0
BRDA:84,1,0,0
BRDA:84,1,1,0
BRDA:92,2,0,0
BRDA:92,2,1,0
BRDA:99,3,0,0
BRDA:99,3,1,0
BRF:8
BRH:0
end_of_record
TN:
SF:src\components\AutocompleteInput.tsx
FN:12,AutocompleteInput
FN:27,(anonymous_1)
FN:33,(anonymous_2)
FN:34,handleClickOutside
FN:41,(anonymous_4)
FN:45,(anonymous_5)
FN:49,(anonymous_6)
FN:55,handleKeyDown
FN:60,(anonymous_8)
FN:63,(anonymous_9)
FN:81,(anonymous_10)
FN:85,(anonymous_11)
FN:104,(anonymous_12)
FN:109,(anonymous_13)
FN:114,(anonymous_14)
FNF:15
FNH:0
FNDA:0,AutocompleteInput
FNDA:0,(anonymous_1)
FNDA:0,(anonymous_2)
FNDA:0,handleClickOutside
FNDA:0,(anonymous_4)
FNDA:0,(anonymous_5)
FNDA:0,(anonymous_6)
FNDA:0,handleKeyDown
FNDA:0,(anonymous_8)
FNDA:0,(anonymous_9)
FNDA:0,(anonymous_10)
FNDA:0,(anonymous_11)
FNDA:0,(anonymous_12)
FNDA:0,(anonymous_13)
FNDA:0,(anonymous_14)
DA:20,0
DA:21,0
DA:22,0
DA:24,0
DA:27,0
DA:30,0
DA:33,0
DA:35,0
DA:36,0
DA:37,0
DA:40,0
DA:41,0
DA:45,0
DA:46,0
DA:49,0
DA:50,0
DA:51,0
DA:52,0
DA:56,0
DA:58,0
DA:59,0
DA:60,0
DA:61,0
DA:62,0
DA:63,0
DA:64,0
DA:65,0
DA:66,0
DA:67,0
DA:69,0
DA:70,0
DA:71,0
DA:75,0
DA:82,0
DA:83,0
DA:85,0
DA:105,0
DA:111,0
DA:112,0
DA:114,0
LF:40
LH:0
BRDA:24,0,0,0
BRDA:24,0,1,0
BRDA:30,1,0,0
BRDA:30,1,1,0
BRDA:35,2,0,0
BRDA:35,2,1,0
BRDA:35,3,0,0
BRDA:35,3,1,0
BRDA:56,4,0,0
BRDA:56,4,1,0
BRDA:58,5,0,0
BRDA:58,5,1,0
BRDA:60,6,0,0
BRDA:60,6,1,0
BRDA:61,7,0,0
BRDA:61,7,1,0
BRDA:63,8,0,0
BRDA:63,8,1,0
BRDA:64,9,0,0
BRDA:64,9,1,0
BRDA:65,10,0,0
BRDA:65,10,1,0
BRDA:65,11,0,0
BRDA:65,11,1,0
BRDA:69,12,0,0
BRDA:69,12,1,0
BRDA:91,13,0,0
BRDA:91,13,1,0
BRDA:116,14,0,0
BRDA:116,14,1,0
BRF:30
BRH:0
end_of_record
TN:
SF:src\components\ErrorBoundary.tsx
FN:25,(anonymous_0)
FN:29,(anonymous_1)
FN:34,(anonymous_2)
FN:38,(anonymous_3)
FN:44,(anonymous_4)
FN:112,ErrorBoundary
FN:128,(anonymous_6)
FNF:7
FNH:0
FNDA:0,(anonymous_0)
FNDA:0,(anonymous_1)
FNDA:0,(anonymous_2)
FNDA:0,(anonymous_3)
FNDA:0,(anonymous_4)
FNDA:0,ErrorBoundary
FNDA:0,(anonymous_6)
DA:23,0
DA:26,0
DA:31,0
DA:34,0
DA:35,0
DA:38,0
DA:39,0
DA:40,0
DA:41,0
DA:45,0
DA:46,0
DA:48,0
DA:50,0
DA:57,0
DA:76,0
DA:77,0
DA:92,0
DA:113,0
DA:114,0
DA:128,0
DA:138,0
DA:140,0
LF:22
LH:0
BRDA:26,0,0,0
BRDA:26,0,1,0
BRDA:40,1,0,0
BRDA:40,1,1,0
BRDA:48,2,0,0
BRDA:48,2,1,0
BRDA:50,3,0,0
BRDA:50,3,1,0
BRDA:50,4,0,0
BRDA:50,4,1,0
BRDA:76,5,0,0
BRDA:76,5,1,0
BRDA:113,6,0,0
BRDA:113,6,1,0
BRDA:128,7,0,0
BRDA:128,7,1,0
BRF:16
BRH:0
end_of_record
TN:
SF:src\components\MonthSelector.tsx
FN:21,MonthSelector
FN:27,goPrev
FN:33,goNext
FNF:3
FNH:0
FNDA:0,MonthSelector
FNDA:0,goPrev
FNDA:0,goNext
DA:12,0
DA:22,0
DA:23,0
DA:24,0
DA:25,0
DA:28,0
DA:29,0
DA:30,0
DA:34,0
DA:35,0
DA:36,0
DA:37,0
DA:40,0
DA:42,0
LF:14
LH:0
BRDA:25,0,0,0
BRDA:25,0,1,0
BRDA:28,1,0,0
BRDA:28,1,1,0
BRDA:29,2,0,0
BRDA:29,2,1,0
BRDA:34,3,0,0
BRDA:34,3,1,0
BRDA:35,4,0,0
BRDA:35,4,1,0
BRDA:36,5,0,0
BRDA:36,5,1,0
BRF:12
BRH:0
end_of_record
TN:
SF:src\components\analytics\AnalyticsModal.tsx
FN:23,AnalyticsModal
FN:36,(anonymous_1)
FN:38,(anonymous_2)
FN:42,(anonymous_3)
FN:46,(anonymous_4)
FN:49,(anonymous_5)
FN:53,(anonymous_6)
FN:55,handleClick
FN:61,(anonymous_8)
FN:74,toggleUnit
FN:77,(anonymous_10)
FN:90,handlePdfClick
FN:100,(anonymous_12)
FN:117,(anonymous_13)
FN:117,(anonymous_14)
FN:129,(anonymous_15)
FN:136,(anonymous_16)
FN:144,(anonymous_17)
FN:152,(anonymous_18)
FN:155,(anonymous_19)
FN:180,(anonymous_20)
FN:200,(anonymous_21)
FN:203,(anonymous_22)
FN:222,(anonymous_23)
FN:229,(anonymous_24)
FN:245,(anonymous_25)
FN:251,(anonymous_26)
FN:251,(anonymous_27)
FNF:28
FNH:0
FNDA:0,AnalyticsModal
FNDA:0,(anonymous_1)
FNDA:0,(anonymous_2)
FNDA:0,(anonymous_3)
FNDA:0,(anonymous_4)
FNDA:0,(anonymous_5)
FNDA:0,(anonymous_6)
FNDA:0,handleClick
FNDA:0,(anonymous_8)
FNDA:0,toggleUnit
FNDA:0,(anonymous_10)
FNDA:0,handlePdfClick
FNDA:0,(anonymous_12)
FNDA:0,(anonymous_13)
FNDA:0,(anonymous_14)
FNDA:0,(anonymous_15)
FNDA:0,(anonymous_16)
FNDA:0,(anonymous_17)
FNDA:0,(anonymous_18)
FNDA:0,(anonymous_19)
FNDA:0,(anonymous_20)
FNDA:0,(anonymous_21)
FNDA:0,(anonymous_22)
FNDA:0,(anonymous_23)
FNDA:0,(anonymous_24)
FNDA:0,(anonymous_25)
FNDA:0,(anonymous_26)
FNDA:0,(anonymous_27)
DA:16,0
DA:24,0
DA:25,0
DA:26,0
DA:27,0
DA:28,0
DA:36,0
DA:37,0
DA:38,0
DA:39,0
DA:41,0
DA:42,0
DA:46,0
DA:47,0
DA:48,0
DA:49,0
DA:53,0
DA:54,0
DA:56,0
DA:57,0
DA:60,0
DA:61,0
DA:64,0
DA:66,0
DA:68,0
DA:72,0
DA:75,0
DA:76,0
DA:77,0
DA:79,0
DA:84,0
DA:92,0
DA:93,0
DA:94,0
DA:97,0
DA:101,0
DA:117,0
DA:129,0
DA:136,0
DA:145,0
DA:154,0
DA:155,0
DA:157,0
DA:180,0
DA:201,0
DA:203,0
DA:222,0
DA:229,0
DA:246,0
DA:247,0
DA:251,0
LF:51
LH:0
BRDA:37,0,0,0
BRDA:37,0,1,0
BRDA:39,1,0,0
BRDA:39,1,1,0
BRDA:47,2,0,0
BRDA:47,2,1,0
BRDA:54,3,0,0
BRDA:54,3,1,0
BRDA:56,4,0,0
BRDA:56,4,1,0
BRDA:56,5,0,0
BRDA:56,5,1,0
BRDA:64,6,0,0
BRDA:64,6,1,0
BRDA:68,7,0,0
BRDA:68,7,1,0
BRDA:68,7,2,0
BRDA:68,7,3,0
BRDA:76,8,0,0
BRDA:76,8,1,0
BRDA:84,9,0,0
BRDA:84,9,1,0
BRDA:86,10,0,0
BRDA:86,10,1,0
BRDA:93,11,0,0
BRDA:93,11,1,0
BRDA:101,12,0,0
BRDA:101,12,1,0
BRDA:123,13,0,0
BRDA:123,13,1,0
BRDA:151,14,0,0
BRDA:151,14,1,0
BRDA:154,15,0,0
BRDA:154,15,1,0
BRDA:172,16,0,0
BRDA:172,16,1,0
BRDA:172,16,2,0
BRDA:185,17,0,0
BRDA:185,17,1,0
BRDA:205,18,0,0
BRDA:205,18,1,0
BRDA:216,19,0,0
BRDA:216,19,1,0
BRDA:253,20,0,0
BRDA:253,20,1,0
BRDA:268,21,0,0
BRDA:268,21,1,0
BRDA:275,22,0,0
BRDA:275,22,1,0
BRDA:275,23,0,0
BRDA:275,23,1,0
BRF:51
BRH:0
end_of_record
TN:
SF:src\components\analytics\CombustibleTrendChart.tsx
FN:18,CombustibleTrendChart
FN:51,(anonymous_1)
FN:55,(anonymous_2)
FNF:3
FNH:0
FNDA:0,CombustibleTrendChart
FNDA:0,(anonymous_1)
FNDA:0,(anonymous_2)
DA:19,0
DA:20,0
DA:27,0
DA:51,0
DA:55,0
LF:5
LH:0
BRDA:19,0,0,0
BRDA:19,0,1,0
BRF:2
BRH:0
end_of_record
TN:
SF:src\components\analytics\GastosPorUnidadChart.tsx
FN:18,GastosPorUnidadChart
FN:27,(anonymous_1)
FN:47,(anonymous_2)
FN:51,(anonymous_3)
FNF:4
FNH:0
FNDA:0,GastosPorUnidadChart
FNDA:0,(anonymous_1)
FNDA:0,(anonymous_2)
FNDA:0,(anonymous_3)
DA:19,0
DA:20,0
DA:27,0
DA:29,0
DA:47,0
DA:51,0
LF:6
LH:0
BRDA:19,0,0,0
BRDA:19,0,1,0
BRF:2
BRH:0
end_of_record
TN:
SF:src\components\analytics\KpiCards.tsx
FN:16,KpiCard
FN:28,KpiCards
FNF:2
FNH:0
FNDA:0,KpiCard
FNDA:0,KpiCards
DA:17,0
DA:29,0
LF:2
LH:0
BRDA:21,0,0,0
BRDA:21,0,1,0
BRDA:33,1,0,0
BRDA:33,1,1,0
BRDA:38,2,0,0
BRDA:38,2,1,0
BRDA:43,3,0,0
BRDA:43,3,1,0
BRDA:48,4,0,0
BRDA:48,4,1,0
BRDA:53,5,0,0
BRDA:53,5,1,0
BRF:12
BRH:0
end_of_record
TN:
SF:src\components\analytics\UnitSummaryTable.tsx
FN:9,UnitSummaryTable
FN:18,(anonymous_1)
FN:49,(anonymous_2)
FNF:3
FNH:0
FNDA:0,UnitSummaryTable
FNDA:0,(anonymous_1)
FNDA:0,(anonymous_2)
DA:10,0
DA:11,0
DA:18,0
DA:19,0
DA:30,0
DA:50,0
LF:6
LH:0
BRDA:10,0,0,0
BRDA:10,0,1,0
BRDA:52,1,0,0
BRDA:52,1,1,0
BRDA:56,2,0,0
BRDA:56,2,1,0
BRDA:59,3,0,0
BRDA:59,3,1,0
BRDA:62,4,0,0
BRDA:62,4,1,0
BRDA:65,5,0,0
BRDA:65,5,1,0
BRDA:68,6,0,0
BRDA:68,6,1,0
BRF:14
BRH:0
end_of_record
TN:
SF:src\components\analytics\analyticsUtils.ts
FN:7,sortTrendKeys
FN:57,parseSheetDate
FN:65,getPeriodCutoff
FN:71,isInPeriod
FN:78,isInDateRange
FN:91,isDataRow
FN:98,parseCurrency
FN:103,parseNum
FN:113,aggregateByUnit
FN:121,(anonymous_9)
FN:166,(anonymous_10)
FN:170,computeKpiTotals
FN:171,(anonymous_12)
FN:188,buildTrend
FN:215,(anonymous_14)
FN:216,(anonymous_15)
FN:224,isRealUnit
FN:229,extractUnits
FN:244,formatPeso
FN:249,formatLitros
FNF:20
FNH:16
FNDA:5,sortTrendKeys
FNDA:11,parseSheetDate
FNDA:2,getPeriodCutoff
FNDA:0,isInPeriod
FNDA:0,isInDateRange
FNDA:3,isDataRow
FNDA:11,parseCurrency
FNDA:15,parseNum
FNDA:4,aggregateByUnit
FNDA:11,(anonymous_9)
FNDA:4,(anonymous_10)
FNDA:2,computeKpiTotals
FNDA:2,(anonymous_12)
FNDA:3,buildTrend
FNDA:5,(anonymous_14)
FNDA:6,(anonymous_15)
FNDA:14,isRealUnit
FNDA:1,extractUnits
FNDA:0,formatPeso
FNDA:0,formatLitros
DA:5,1
DA:9,5
DA:10,0
DA:13,5
DA:14,5
DA:15,5
DA:16,0
DA:54,1
DA:58,11
DA:59,8
DA:60,8
DA:61,8
DA:66,2
DA:67,2
DA:72,0
DA:73,0
DA:74,0
DA:79,0
DA:80,0
DA:81,0
DA:82,0
DA:83,0
DA:84,0
DA:85,0
DA:86,0
DA:87,0
DA:92,3
DA:99,11
DA:104,15
DA:119,4
DA:121,4
DA:122,11
DA:123,8
DA:134,11
DA:137,4
DA:138,3
DA:139,3
DA:140,3
DA:143,4
DA:144,2
DA:145,2
DA:146,2
DA:147,2
DA:148,2
DA:151,4
DA:152,3
DA:153,3
DA:154,3
DA:155,3
DA:156,3
DA:157,3
DA:160,4
DA:161,3
DA:162,3
DA:163,3
DA:166,4
DA:171,2
DA:172,2
DA:189,3
DA:191,3
DA:192,7
DA:193,7
DA:194,7
DA:197,7
DA:198,5
DA:199,5
DA:200,2
DA:202,0
DA:203,0
DA:206,2
DA:207,2
DA:208,2
DA:211,7
DA:214,3
DA:215,5
DA:216,6
DA:221,1
DA:225,14
DA:235,1
DA:236,1
DA:237,1
DA:238,1
DA:239,1
DA:240,1
DA:245,0
DA:250,0
LF:86
LH:68
BRDA:9,0,0,0
BRDA:9,0,1,5
BRDA:9,1,0,5
BRDA:9,1,1,0
BRDA:15,2,0,5
BRDA:15,2,1,0
BRDA:15,3,0,5
BRDA:15,3,1,5
BRDA:58,4,0,3
BRDA:58,4,1,8
BRDA:60,5,0,0
BRDA:60,5,1,8
BRDA:60,6,0,8
BRDA:60,6,1,8
BRDA:60,6,2,8
BRDA:66,7,0,0
BRDA:66,7,1,2
BRDA:66,8,0,2
BRDA:66,8,1,0
BRDA:72,9,0,0
BRDA:72,9,1,0
BRDA:73,10,0,0
BRDA:73,10,1,0
BRDA:79,11,0,0
BRDA:79,11,1,0
BRDA:80,12,0,0
BRDA:80,12,1,0
BRDA:82,13,0,0
BRDA:82,13,1,0
BRDA:83,14,0,0
BRDA:83,14,1,0
BRDA:84,15,0,0
BRDA:84,15,1,0
BRDA:85,16,0,0
BRDA:85,16,1,0
BRDA:85,17,0,0
BRDA:85,17,1,0
BRDA:86,18,0,0
BRDA:86,18,1,0
BRDA:86,19,0,0
BRDA:86,19,1,0
BRDA:92,20,0,3
BRDA:92,20,1,1
BRDA:99,21,0,11
BRDA:99,21,1,4
BRDA:104,22,0,15
BRDA:104,22,1,1
BRDA:122,23,0,8
BRDA:122,23,1,3
BRDA:138,24,0,3
BRDA:138,24,1,0
BRDA:139,25,0,0
BRDA:139,25,1,3
BRDA:139,26,0,3
BRDA:139,26,1,3
BRDA:140,27,0,3
BRDA:140,27,1,0
BRDA:144,28,0,2
BRDA:144,28,1,0
BRDA:145,29,0,0
BRDA:145,29,1,2
BRDA:145,30,0,2
BRDA:145,30,1,2
BRDA:147,31,0,2
BRDA:147,31,1,0
BRDA:148,32,0,2
BRDA:148,32,1,0
BRDA:152,33,0,3
BRDA:152,33,1,0
BRDA:153,34,0,0
BRDA:153,34,1,3
BRDA:153,35,0,3
BRDA:153,35,1,3
BRDA:156,36,0,3
BRDA:156,36,1,0
BRDA:157,37,0,3
BRDA:157,37,1,3
BRDA:161,38,0,3
BRDA:161,38,1,0
BRDA:162,39,0,0
BRDA:162,39,1,3
BRDA:162,40,0,3
BRDA:162,40,1,3
BRDA:192,41,0,7
BRDA:192,41,1,0
BRDA:193,42,0,0
BRDA:193,42,1,7
BRDA:194,43,0,7
BRDA:194,43,1,0
BRDA:197,44,0,5
BRDA:197,44,1,2
BRDA:200,45,0,0
BRDA:200,45,1,2
BRDA:211,46,0,7
BRDA:211,46,1,6
BRDA:236,47,0,1
BRDA:236,47,1,0
BRDA:236,48,0,1
BRDA:236,48,1,0
BRDA:237,49,0,1
BRDA:237,49,1,0
BRDA:237,50,0,1
BRDA:237,50,1,0
BRDA:238,51,0,1
BRDA:238,51,1,0
BRDA:238,52,0,1
BRDA:238,52,1,0
BRDA:239,53,0,1
BRDA:239,53,1,0
BRDA:239,54,0,1
BRDA:239,54,1,0
BRF:111
BRH:59
end_of_record
TN:
SF:src\components\analytics\reportGenerator.ts
FN:56,getPeriodLabel
FN:70,buildTimestamp
FN:81,buildDateStr
FN:89,addFooters
FN:115,addDetailPageHeader
FN:160,drawKpiCard
FN:207,buildExecutiveSummary
FN:296,(anonymous_7)
FN:314,(anonymous_8)
FN:353,buildGastosPage
FN:364,(anonymous_10)
FN:392,buildCombustiblePage
FN:403,(anonymous_12)
FN:432,buildFletesPage
FN:443,(anonymous_14)
FN:484,buildAveriasPage
FN:495,(anonymous_16)
FN:523,generateReport
FNF:18
FNH:0
FNDA:0,getPeriodLabel
FNDA:0,buildTimestamp
FNDA:0,buildDateStr
FNDA:0,addFooters
FNDA:0,addDetailPageHeader
FNDA:0,drawKpiCard
FNDA:0,buildExecutiveSummary
FNDA:0,(anonymous_7)
FNDA:0,(anonymous_8)
FNDA:0,buildGastosPage
FNDA:0,(anonymous_10)
FNDA:0,buildCombustiblePage
FNDA:0,(anonymous_12)
FNDA:0,buildFletesPage
FNDA:0,(anonymous_14)
FNDA:0,buildAveriasPage
FNDA:0,(anonymous_16)
FNDA:0,generateReport
DA:15,0
DA:50,0
DA:57,0
DA:58,0
DA:71,0
DA:72,0
DA:82,0
DA:83,0
DA:84,0
DA:85,0
DA:86,0
DA:90,0
DA:91,0
DA:92,0
DA:93,0
DA:95,0
DA:96,0
DA:99,0
DA:100,0
DA:101,0
DA:103,0
DA:104,0
DA:105,0
DA:106,0
DA:107,0
DA:120,0
DA:121,0
DA:124,0
DA:125,0
DA:128,0
DA:129,0
DA:130,0
DA:131,0
DA:134,0
DA:135,0
DA:136,0
DA:137,0
DA:140,0
DA:141,0
DA:142,0
DA:143,0
DA:145,0
DA:146,0
DA:168,0
DA:171,0
DA:172,0
DA:175,0
DA:176,0
DA:179,0
DA:180,0
DA:181,0
DA:182,0
DA:185,0
DA:186,0
DA:187,0
DA:188,0
DA:191,0
DA:192,0
DA:193,0
DA:194,0
DA:197,0
DA:198,0
DA:199,0
DA:200,0
DA:201,0
DA:218,0
DA:219,0
DA:220,0
DA:221,0
DA:224,0
DA:225,0
DA:226,0
DA:229,0
DA:230,0
DA:233,0
DA:234,0
DA:235,0
DA:236,0
DA:239,0
DA:240,0
DA:241,0
DA:242,0
DA:245,0
DA:246,0
DA:247,0
DA:249,0
DA:252,0
DA:253,0
DA:254,0
DA:255,0
DA:256,0
DA:258,0
DA:296,0
DA:297,0
DA:298,0
DA:302,0
DA:303,0
DA:304,0
DA:305,0
DA:306,0
DA:307,0
DA:308,0
DA:309,0
DA:312,0
DA:314,0
DA:359,0
DA:360,0
DA:362,0
DA:364,0
DA:398,0
DA:399,0
DA:401,0
DA:403,0
DA:438,0
DA:439,0
DA:441,0
DA:443,0
DA:490,0
DA:491,0
DA:493,0
DA:495,0
DA:537,0
DA:541,0
DA:543,0
DA:544,0
DA:545,0
DA:548,0
DA:551,0
DA:552,0
DA:555,0
DA:556,0
DA:559,0
DA:560,0
DA:563,0
DA:564,0
DA:567,0
DA:570,0
DA:571,0
LF:138
LH:0
BRDA:57,0,0,0
BRDA:57,0,1,0
BRDA:57,1,0,0
BRDA:57,1,1,0
BRDA:57,2,0,0
BRDA:57,2,1,0
BRDA:58,3,0,0
BRDA:58,3,1,0
BRDA:197,4,0,0
BRDA:197,4,1,0
BRDA:220,5,0,0
BRDA:220,5,1,0
BRDA:282,6,0,0
BRDA:282,6,1,0
BRDA:364,7,0,0
BRDA:364,7,1,0
BRDA:364,8,0,0
BRDA:364,8,1,0
BRDA:364,9,0,0
BRDA:364,9,1,0
BRDA:364,10,0,0
BRDA:364,10,1,0
BRDA:403,11,0,0
BRDA:403,11,1,0
BRDA:403,12,0,0
BRDA:403,12,1,0
BRDA:403,13,0,0
BRDA:403,13,1,0
BRDA:403,14,0,0
BRDA:403,14,1,0
BRDA:403,15,0,0
BRDA:403,15,1,0
BRDA:444,16,0,0
BRDA:444,16,1,0
BRDA:445,17,0,0
BRDA:445,17,1,0
BRDA:446,18,0,0
BRDA:446,18,1,0
BRDA:447,19,0,0
BRDA:447,19,1,0
BRDA:448,20,0,0
BRDA:448,20,1,0
BRDA:449,21,0,0
BRDA:449,21,1,0
BRDA:450,22,0,0
BRDA:450,22,1,0
BRDA:451,23,0,0
BRDA:451,23,1,0
BRDA:495,24,0,0
BRDA:495,24,1,0
BRDA:495,25,0,0
BRDA:495,25,1,0
BRDA:495,26,0,0
BRDA:495,26,1,0
BRDA:495,27,0,0
BRDA:495,27,1,0
BRF:56
BRH:0
end_of_record
TN:
SF:src\components\auth\RequireRole.tsx
FN:16,RequireRole
FN:17,(anonymous_1)
FN:18,(anonymous_2)
FNF:3
FNH:0
FNDA:0,RequireRole
FNDA:0,(anonymous_1)
FNDA:0,(anonymous_2)
DA:17,0
DA:18,0
DA:20,0
DA:21,0
DA:24,0
DA:25,0
DA:28,0
LF:7
LH:0
BRDA:20,0,0,0
BRDA:20,0,1,0
BRDA:20,1,0,0
BRDA:20,1,1,0
BRDA:24,2,0,0
BRDA:24,2,1,0
BRDA:24,3,0,0
BRDA:24,3,1,0
BRF:8
BRH:0
end_of_record
TN:
SF:src\components\calendar\AssignWorkModal.tsx
FN:39,toISO
FN:46,formatDateLabel
FN:60,AssignWorkModal
FN:68,(anonymous_3)
FN:69,(anonymous_4)
FN:70,(anonymous_5)
FN:79,(anonymous_6)
FN:80,(anonymous_7)
FN:83,handleSave
FN:96,(anonymous_9)
FN:150,(anonymous_10)
FN:177,(anonymous_11)
FN:180,(anonymous_12)
FN:210,(anonymous_13)
FN:213,(anonymous_14)
FN:231,(anonymous_15)
FN:246,(anonymous_16)
FNF:17
FNH:0
FNDA:0,toISO
FNDA:0,formatDateLabel
FNDA:0,AssignWorkModal
FNDA:0,(anonymous_3)
FNDA:0,(anonymous_4)
FNDA:0,(anonymous_5)
FNDA:0,(anonymous_6)
FNDA:0,(anonymous_7)
FNDA:0,handleSave
FNDA:0,(anonymous_9)
FNDA:0,(anonymous_10)
FNDA:0,(anonymous_11)
FNDA:0,(anonymous_12)
FNDA:0,(anonymous_13)
FNDA:0,(anonymous_14)
FNDA:0,(anonymous_15)
FNDA:0,(anonymous_16)
DA:40,0
DA:41,0
DA:42,0
DA:43,0
DA:47,0
DA:56,0
DA:68,0
DA:69,0
DA:70,0
DA:72,0
DA:73,0
DA:74,0
DA:75,0
DA:76,0
DA:77,0
DA:79,0
DA:80,0
DA:81,0
DA:84,0
DA:85,0
DA:86,0
DA:87,0
DA:88,0
DA:89,0
DA:92,0
DA:93,0
DA:95,0
DA:96,0
DA:97,0
DA:110,0
DA:123,0
DA:124,0
DA:133,0
DA:135,0
DA:137,0
DA:141,0
DA:150,0
DA:177,0
DA:181,0
DA:210,0
DA:214,0
DA:231,0
DA:246,0
LF:43
LH:0
BRDA:84,0,0,0
BRDA:84,0,1,0
BRDA:85,1,0,0
BRDA:85,1,1,0
BRDA:87,2,0,0
BRDA:87,2,1,0
BRDA:87,3,0,0
BRDA:87,3,1,0
BRDA:100,4,0,0
BRDA:100,4,1,0
BRDA:103,5,0,0
BRDA:103,5,1,0
BRDA:123,6,0,0
BRDA:123,6,1,0
BRDA:123,7,0,0
BRDA:123,7,1,0
BRDA:128,8,0,0
BRDA:128,8,1,0
BRDA:129,9,0,0
BRDA:129,9,1,0
BRDA:135,10,0,0
BRDA:135,10,1,0
BRDA:186,11,0,0
BRDA:186,11,1,0
BRDA:194,12,0,0
BRDA:194,12,1,0
BRDA:251,13,0,0
BRDA:251,13,1,0
BRDA:271,14,0,0
BRDA:271,14,1,0
BRF:30
BRH:0
end_of_record
TN:
SF:src\components\calendar\CalendarGrid.tsx
FN:45,toISO
FN:52,totalHours
FN:53,(anonymous_2)
FN:64,OTCard
FN:91,CalendarGrid
FN:100,(anonymous_5)
FN:111,(anonymous_6)
FN:146,(anonymous_7)
FN:168,(anonymous_8)
FN:180,(anonymous_9)
FN:192,(anonymous_10)
FN:217,(anonymous_11)
FN:222,(anonymous_12)
FNF:13
FNH:0
FNDA:0,toISO
FNDA:0,totalHours
FNDA:0,(anonymous_2)
FNDA:0,OTCard
FNDA:0,CalendarGrid
FNDA:0,(anonymous_5)
FNDA:0,(anonymous_6)
FNDA:0,(anonymous_7)
FNDA:0,(anonymous_8)
FNDA:0,(anonymous_9)
FNDA:0,(anonymous_10)
FNDA:0,(anonymous_11)
FNDA:0,(anonymous_12)
DA:21,0
DA:23,0
DA:30,0
DA:46,0
DA:47,0
DA:48,0
DA:49,0
DA:53,0
DA:65,0
DA:66,0
DA:68,0
DA:100,0
DA:101,0
DA:102,0
DA:103,0
DA:104,0
DA:105,0
DA:107,0
DA:111,0
DA:112,0
DA:113,0
DA:114,0
DA:116,0
DA:119,0
DA:121,0
DA:147,0
DA:148,0
DA:149,0
DA:169,0
DA:181,0
DA:182,0
DA:183,0
DA:184,0
DA:185,0
DA:187,0
DA:192,0
DA:218,0
DA:223,0
DA:224,0
LF:39
LH:0
BRDA:53,0,0,0
BRDA:53,0,1,0
BRDA:65,1,0,0
BRDA:65,1,1,0
BRDA:66,2,0,0
BRDA:66,2,1,0
BRDA:82,3,0,0
BRDA:82,3,1,0
BRDA:104,4,0,0
BRDA:104,4,1,0
BRDA:154,5,0,0
BRDA:154,5,1,0
BRDA:159,6,0,0
BRDA:159,6,1,0
BRDA:160,7,0,0
BRDA:160,7,1,0
BRDA:183,8,0,0
BRDA:183,8,1,0
BRDA:195,9,0,0
BRDA:195,9,1,0
BRDA:202,10,0,0
BRDA:202,10,1,0
BRDA:207,11,0,0
BRDA:207,11,1,0
BRDA:230,12,0,0
BRDA:230,12,1,0
BRF:26
BRH:0
end_of_record
TN:
SF:src\components\chat\ChatBubble.tsx
FN:7,formatTimestamp
FN:12,RichText
FN:17,(anonymous_2)
FN:35,(anonymous_3)
FN:48,LoadingDots
FN:67,ChatBubble
FNF:6
FNH:0
FNDA:0,formatTimestamp
FNDA:0,RichText
FNDA:0,(anonymous_2)
FNDA:0,(anonymous_3)
FNDA:0,LoadingDots
FNDA:0,ChatBubble
DA:8,0
DA:14,0
DA:15,0
DA:19,0
DA:20,0
DA:21,0
DA:32,0
DA:33,0
DA:36,0
DA:37,0
DA:39,0
DA:49,0
DA:68,0
DA:70,0
DA:71,0
DA:97,0
LF:16
LH:0
BRDA:16,0,0,0
BRDA:16,0,1,0
BRDA:20,1,0,0
BRDA:20,1,1,0
BRDA:25,2,0,0
BRDA:25,2,1,0
BRDA:36,3,0,0
BRDA:36,3,1,0
BRDA:36,4,0,0
BRDA:36,4,1,0
BRDA:70,5,0,0
BRDA:70,5,1,0
BRDA:77,6,0,0
BRDA:77,6,1,0
BRDA:84,7,0,0
BRDA:84,7,1,0
BRDA:107,8,0,0
BRDA:107,8,1,0
BRDA:114,9,0,0
BRDA:114,9,1,0
BRF:20
BRH:0
end_of_record
TN:
SF:src\components\chat\ChatInput.tsx
FN:9,ChatInput
FN:15,handleFileChange
FN:24,handleRemovePhoto
FN:30,handleSend
FN:39,handleKeyDown
FN:79,(anonymous_5)
FN:98,(anonymous_6)
FNF:7
FNH:0
FNDA:0,ChatInput
FNDA:0,handleFileChange
FNDA:0,handleRemovePhoto
FNDA:0,handleSend
FNDA:0,handleKeyDown
FNDA:0,(anonymous_5)
FNDA:0,(anonymous_6)
DA:10,0
DA:11,0
DA:12,0
DA:13,0
DA:16,0
DA:17,0
DA:18,0
DA:19,0
DA:20,0
DA:21,0
DA:25,0
DA:26,0
DA:27,0
DA:31,0
DA:32,0
DA:33,0
DA:34,0
DA:35,0
DA:36,0
DA:40,0
DA:41,0
DA:42,0
DA:46,0
DA:48,0
DA:79,0
DA:98,0
LF:26
LH:0
BRDA:17,0,0,0
BRDA:17,0,1,0
BRDA:25,1,0,0
BRDA:25,1,1,0
BRDA:31,2,0,0
BRDA:31,2,1,0
BRDA:31,3,0,0
BRDA:31,3,1,0
BRDA:32,4,0,0
BRDA:32,4,1,0
BRDA:34,5,0,0
BRDA:34,5,1,0
BRDA:40,6,0,0
BRDA:40,6,1,0
BRDA:40,7,0,0
BRDA:40,7,1,0
BRDA:46,8,0,0
BRDA:46,8,1,0
BRDA:46,8,2,0
BRDA:53,9,0,0
BRDA:53,9,1,0
BRDA:71,10,0,0
BRDA:71,10,1,0
BRF:23
BRH:0
end_of_record
TN:
SF:src\components\chat\HermesChat.tsx
FN:55,formatDiagnose
FN:57,(anonymous_1)
FN:60,(anonymous_2)
FN:64,(anonymous_3)
FN:71,(anonymous_4)
FN:85,formatPhotoAnalysis
FN:89,formatPrecioMXN
FN:94,formatSearchParts
FN:99,(anonymous_8)
FN:110,formatManualLookup
FN:111,(anonymous_10)
FN:119,isPartNumber
FN:129,isManualQuery
FN:133,isDiagramQuery
FN:137,isManualPagesQuery
FN:142,extractDiagramSubject
FN:157,extractFaultCode
FN:177,isFaultCodeQuery
FN:184,extractPartNumber
FN:191,detectEquipmentFromText
FN:217,buildGreeting
FN:229,HermesChat
FN:230,(anonymous_22)
FN:231,(anonymous_23)
FN:237,(anonymous_24)
FN:250,scrollToBottom
FN:254,(anonymous_26)
FN:259,(anonymous_27)
FN:270,(anonymous_28)
FN:292,(anonymous_29)
FN:351,(anonymous_30)
FN:455,(anonymous_31)
FN:491,(anonymous_32)
FN:506,(anonymous_33)
FN:535,(anonymous_34)
FN:550,(anonymous_35)
FN:558,(anonymous_36)
FN:571,(anonymous_37)
FNF:38
FNH:0
FNDA:0,formatDiagnose
FNDA:0,(anonymous_1)
FNDA:0,(anonymous_2)
FNDA:0,(anonymous_3)
FNDA:0,(anonymous_4)
FNDA:0,formatPhotoAnalysis
FNDA:0,formatPrecioMXN
FNDA:0,formatSearchParts
FNDA:0,(anonymous_8)
FNDA:0,formatManualLookup
FNDA:0,(anonymous_10)
FNDA:0,isPartNumber
FNDA:0,isManualQuery
FNDA:0,isDiagramQuery
FNDA:0,isManualPagesQuery
FNDA:0,extractDiagramSubject
FNDA:0,extractFaultCode
FNDA:0,isFaultCodeQuery
FNDA:0,extractPartNumber
FNDA:0,detectEquipmentFromText
FNDA:0,buildGreeting
FNDA:0,HermesChat
FNDA:0,(anonymous_22)
FNDA:0,(anonymous_23)
FNDA:0,(anonymous_24)
FNDA:0,scrollToBottom
FNDA:0,(anonymous_26)
FNDA:0,(anonymous_27)
FNDA:0,(anonymous_28)
FNDA:0,(anonymous_29)
FNDA:0,(anonymous_30)
FNDA:0,(anonymous_31)
FNDA:0,(anonymous_32)
FNDA:0,(anonymous_33)
FNDA:0,(anonymous_34)
FNDA:0,(anonymous_35)
FNDA:0,(anonymous_36)
FNDA:0,(anonymous_37)
DA:25,0
DA:45,0
DA:56,0
DA:57,0
DA:59,0
DA:60,0
DA:62,0
DA:63,0
DA:65,0
DA:66,0
DA:67,0
DA:68,0
DA:69,0
DA:72,0
DA:73,0
DA:74,0
DA:75,0
DA:76,0
DA:77,0
DA:79,0
DA:82,0
DA:86,0
DA:90,0
DA:91,0
DA:95,0
DA:96,0
DA:98,0
DA:100,0
DA:101,0
DA:102,0
DA:103,0
DA:104,0
DA:107,0
DA:111,0
DA:112,0
DA:113,0
DA:114,0
DA:125,0
DA:126,0
DA:130,0
DA:134,0
DA:138,0
DA:143,0
DA:159,0
DA:160,0
DA:163,0
DA:164,0
DA:167,0
DA:168,0
DA:171,0
DA:172,0
DA:174,0
DA:179,0
DA:186,0
DA:187,0
DA:192,0
DA:209,0
DA:210,0
DA:212,0
DA:218,0
DA:219,0
DA:230,0
DA:231,0
DA:232,0
DA:235,0
DA:237,0
DA:240,0
DA:241,0
DA:242,0
DA:245,0
DA:248,0
DA:251,0
DA:254,0
DA:255,0
DA:258,0
DA:260,0
DA:262,0
DA:270,0
DA:271,0
DA:275,0
DA:277,0
DA:279,0
DA:280,0
DA:281,0
DA:282,0
DA:286,0
DA:288,0
DA:290,0
DA:292,0
DA:293,0
DA:294,0
DA:299,0
DA:301,0
DA:306,0
DA:308,0
DA:320,0
DA:321,0
DA:326,0
DA:328,0
DA:333,0
DA:334,0
DA:335,0
DA:338,0
DA:339,0
DA:340,0
DA:343,0
DA:345,0
DA:347,0
DA:348,0
DA:351,0
DA:352,0
DA:357,0
DA:358,0
DA:359,0
DA:360,0
DA:361,0
DA:362,0
DA:366,0
DA:367,0
DA:370,0
DA:371,0
DA:372,0
DA:373,0
DA:375,0
DA:377,0
DA:382,0
DA:383,0
DA:384,0
DA:385,0
DA:389,0
DA:390,0
DA:391,0
DA:392,0
DA:393,0
DA:394,0
DA:395,0
DA:396,0
DA:398,0
DA:401,0
DA:406,0
DA:408,0
DA:409,0
DA:410,0
DA:411,0
DA:412,0
DA:413,0
DA:415,0
DA:418,0
DA:422,0
DA:426,0
DA:430,0
DA:432,0
DA:434,0
DA:435,0
DA:436,0
DA:437,0
DA:438,0
DA:439,0
DA:445,0
DA:448,0
DA:451,0
DA:453,0
DA:455,0
DA:456,0
DA:459,0
DA:462,0
DA:463,0
DA:466,0
DA:470,0
DA:471,0
DA:472,0
DA:473,0
DA:474,0
DA:478,0
DA:479,0
DA:481,0
DA:482,0
DA:488,0
DA:490,0
DA:491,0
DA:492,0
DA:495,0
DA:496,0
DA:500,0
DA:502,0
DA:506,0
DA:507,0
DA:513,0
DA:514,0
DA:518,0
DA:520,0
DA:524,0
DA:528,0
DA:535,0
DA:536,0
DA:541,0
DA:550,0
DA:559,0
DA:572,0
LF:199
LH:0
BRDA:65,0,0,0
BRDA:65,0,1,0
BRDA:65,1,0,0
BRDA:65,1,1,0
BRDA:66,2,0,0
BRDA:66,2,1,0
BRDA:66,2,2,0
BRDA:66,2,3,0
BRDA:67,3,0,0
BRDA:67,3,1,0
BRDA:67,4,0,0
BRDA:67,4,1,0
BRDA:72,5,0,0
BRDA:72,5,1,0
BRDA:72,6,0,0
BRDA:72,6,1,0
BRDA:74,7,0,0
BRDA:74,7,1,0
BRDA:74,7,2,0
BRDA:75,8,0,0
BRDA:75,8,1,0
BRDA:75,8,2,0
BRDA:76,9,0,0
BRDA:76,9,1,0
BRDA:77,10,0,0
BRDA:77,10,1,0
BRDA:90,11,0,0
BRDA:90,11,1,0
BRDA:90,12,0,0
BRDA:90,12,1,0
BRDA:95,13,0,0
BRDA:95,13,1,0
BRDA:100,14,0,0
BRDA:100,14,1,0
BRDA:102,15,0,0
BRDA:102,15,1,0
BRDA:103,16,0,0
BRDA:103,16,1,0
BRDA:113,17,0,0
BRDA:113,17,1,0
BRDA:126,18,0,0
BRDA:126,18,1,0
BRDA:126,18,2,0
BRDA:126,18,3,0
BRDA:160,19,0,0
BRDA:160,19,1,0
BRDA:164,20,0,0
BRDA:164,20,1,0
BRDA:168,21,0,0
BRDA:168,21,1,0
BRDA:172,22,0,0
BRDA:172,22,1,0
BRDA:179,23,0,0
BRDA:179,23,1,0
BRDA:187,24,0,0
BRDA:187,24,1,0
BRDA:210,25,0,0
BRDA:210,25,1,0
BRDA:235,26,0,0
BRDA:235,26,1,0
BRDA:238,27,0,0
BRDA:238,27,1,0
BRDA:260,28,0,0
BRDA:260,28,1,0
BRDA:279,29,0,0
BRDA:279,29,1,0
BRDA:284,30,0,0
BRDA:284,30,1,0
BRDA:290,31,0,0
BRDA:290,31,1,0
BRDA:290,32,0,0
BRDA:290,32,1,0
BRDA:290,32,2,0
BRDA:294,33,0,0
BRDA:294,33,1,0
BRDA:295,34,0,0
BRDA:295,34,1,0
BRDA:301,35,0,0
BRDA:301,35,1,0
BRDA:306,36,0,0
BRDA:306,36,1,0
BRDA:308,37,0,0
BRDA:308,37,1,0
BRDA:308,38,0,0
BRDA:308,38,1,0
BRDA:310,39,0,0
BRDA:310,39,1,0
BRDA:311,40,0,0
BRDA:311,40,1,0
BRDA:317,41,0,0
BRDA:317,41,1,0
BRDA:324,42,0,0
BRDA:324,42,1,0
BRDA:326,43,0,0
BRDA:326,43,1,0
BRDA:326,44,0,0
BRDA:326,44,1,0
BRDA:326,45,0,0
BRDA:326,45,1,0
BRDA:328,46,0,0
BRDA:328,46,1,0
BRDA:329,47,0,0
BRDA:329,47,1,0
BRDA:330,48,0,0
BRDA:330,48,1,0
BRDA:334,49,0,0
BRDA:334,49,1,0
BRDA:338,50,0,0
BRDA:338,50,1,0
BRDA:345,51,0,0
BRDA:345,51,1,0
BRDA:345,52,0,0
BRDA:345,52,1,0
BRDA:347,53,0,0
BRDA:347,53,1,0
BRDA:352,54,0,0
BRDA:352,54,1,0
BRDA:353,55,0,0
BRDA:353,55,1,0
BRDA:357,56,0,0
BRDA:357,56,1,0
BRDA:358,57,0,0
BRDA:358,57,1,0
BRDA:358,58,0,0
BRDA:358,58,1,0
BRDA:359,59,0,0
BRDA:359,59,1,0
BRDA:360,60,0,0
BRDA:360,60,1,0
BRDA:361,61,0,0
BRDA:361,61,1,0
BRDA:362,62,0,0
BRDA:362,62,1,0
BRDA:366,63,0,0
BRDA:366,63,1,0
BRDA:366,64,0,0
BRDA:366,64,1,0
BRDA:371,65,0,0
BRDA:371,65,1,0
BRDA:372,66,0,0
BRDA:372,66,1,0
BRDA:375,67,0,0
BRDA:375,67,1,0
BRDA:376,68,0,0
BRDA:376,68,1,0
BRDA:379,69,0,0
BRDA:379,69,1,0
BRDA:382,70,0,0
BRDA:382,70,1,0
BRDA:384,71,0,0
BRDA:384,71,1,0
BRDA:384,72,0,0
BRDA:384,72,1,0
BRDA:389,73,0,0
BRDA:389,73,1,0
BRDA:392,74,0,0
BRDA:392,74,1,0
BRDA:392,75,0,0
BRDA:392,75,1,0
BRDA:392,75,2,0
BRDA:394,76,0,0
BRDA:394,76,1,0
BRDA:395,77,0,0
BRDA:395,77,1,0
BRDA:395,78,0,0
BRDA:395,78,1,0
BRDA:406,79,0,0
BRDA:406,79,1,0
BRDA:410,80,0,0
BRDA:410,80,1,0
BRDA:411,81,0,0
BRDA:411,81,1,0
BRDA:411,82,0,0
BRDA:411,82,1,0
BRDA:411,82,2,0
BRDA:413,83,0,0
BRDA:413,83,1,0
BRDA:432,84,0,0
BRDA:432,84,1,0
BRDA:435,85,0,0
BRDA:435,85,1,0
BRDA:438,86,0,0
BRDA:438,86,1,0
BRDA:438,87,0,0
BRDA:438,87,1,0
BRDA:438,87,2,0
BRDA:438,87,3,0
BRDA:445,88,0,0
BRDA:445,88,1,0
BRDA:453,89,0,0
BRDA:453,89,1,0
BRDA:456,90,0,0
BRDA:456,90,1,0
BRDA:457,91,0,0
BRDA:457,91,1,0
BRDA:463,92,0,0
BRDA:463,92,1,0
BRDA:463,92,2,0
BRDA:466,93,0,0
BRDA:466,93,1,0
BRDA:466,93,2,0
BRDA:471,94,0,0
BRDA:471,94,1,0
BRDA:472,95,0,0
BRDA:472,95,1,0
BRDA:472,96,0,0
BRDA:472,96,1,0
BRDA:472,96,2,0
BRDA:475,97,0,0
BRDA:475,97,1,0
BRDA:478,98,0,0
BRDA:478,98,1,0
BRDA:478,99,0,0
BRDA:478,99,1,0
BRDA:481,100,0,0
BRDA:481,100,1,0
BRDA:483,101,0,0
BRDA:483,101,1,0
BRDA:490,102,0,0
BRDA:490,102,1,0
BRDA:492,103,0,0
BRDA:492,103,1,0
BRDA:492,104,0,0
BRDA:492,104,1,0
BRDA:507,105,0,0
BRDA:507,105,1,0
BRDA:508,106,0,0
BRDA:508,106,1,0
BRDA:518,107,0,0
BRDA:518,107,1,0
BRDA:574,108,0,0
BRDA:574,108,1,0
BRF:232
BRH:0
end_of_record
TN:
SF:src\components\chat\TypingIndicator.tsx
FN:1,TypingIndicator
FNF:1
FNH:0
FNDA:0,TypingIndicator
DA:2,0
LF:1
LH:0
BRF:0
BRH:0
end_of_record
TN:
SF:src\components\dashboard\AccionesDelDia.tsx
FN:20,AccionesDelDia
FN:25,(anonymous_1)
FNF:2
FNH:0
FNDA:0,AccionesDelDia
FNDA:0,(anonymous_1)
DA:11,0
DA:21,0
DA:26,0
DA:27,0
LF:4
LH:0
BRF:0
BRH:0
end_of_record
TN:
SF:src\components\dashboard\AvailabilityChart.tsx
FN:30,AvailabilityChart
FN:52,(anonymous_1)
FNF:2
FNH:0
FNDA:0,AvailabilityChart
FNDA:0,(anonymous_1)
DA:16,0
DA:31,0
DA:52,0
LF:3
LH:0
BRDA:30,0,0,0
BRF:1
BRH:0
end_of_record
TN:
SF:src\components\dashboard\BriefingCard.tsx
FN:52,parseSheetDate
FN:63,startOfDay
FN:67,formatTodayLabel
FN:78,formatTime
FN:84,msAgo
FN:88,formatMinutesAgo
FN:97,buildBriefingFromSheets
FN:107,(anonymous_7)
FN:108,(anonymous_8)
FN:109,(anonymous_9)
FN:110,(anonymous_10)
FN:113,(anonymous_11)
FN:114,(anonymous_12)
FN:152,(anonymous_13)
FN:181,(anonymous_14)
FN:193,(anonymous_15)
FN:225,(anonymous_16)
FN:261,SkeletonLine
FN:265,BriefingSkeleton
FN:268,(anonymous_19)
FN:281,Section
FN:290,Line
FN:310,BriefingCard
FN:317,(anonymous_23)
FN:321,fetchAll
FN:358,(anonymous_25)
FN:361,(anonymous_26)
FN:362,(anonymous_27)
FN:419,(anonymous_28)
FN:437,(anonymous_29)
FN:452,(anonymous_30)
FN:468,(anonymous_31)
FNF:32
FNH:0
FNDA:0,parseSheetDate
FNDA:0,startOfDay
FNDA:0,formatTodayLabel
FNDA:0,formatTime
FNDA:0,msAgo
FNDA:0,formatMinutesAgo
FNDA:0,buildBriefingFromSheets
FNDA:0,(anonymous_7)
FNDA:0,(anonymous_8)
FNDA:0,(anonymous_9)
FNDA:0,(anonymous_10)
FNDA:0,(anonymous_11)
FNDA:0,(anonymous_12)
FNDA:0,(anonymous_13)
FNDA:0,(anonymous_14)
FNDA:0,(anonymous_15)
FNDA:0,(anonymous_16)
FNDA:0,SkeletonLine
FNDA:0,BriefingSkeleton
FNDA:0,(anonymous_19)
FNDA:0,Section
FNDA:0,Line
FNDA:0,BriefingCard
FNDA:0,(anonymous_23)
FNDA:0,fetchAll
FNDA:0,(anonymous_25)
FNDA:0,(anonymous_26)
FNDA:0,(anonymous_27)
FNDA:0,(anonymous_28)
FNDA:0,(anonymous_29)
FNDA:0,(anonymous_30)
FNDA:0,(anonymous_31)
DA:54,0
DA:55,0
DA:56,0
DA:57,0
DA:58,0
DA:59,0
DA:60,0
DA:64,0
DA:68,0
DA:69,0
DA:73,0
DA:74,0
DA:75,0
DA:79,0
DA:80,0
DA:81,0
DA:85,0
DA:89,0
DA:90,0
DA:91,0
DA:92,0
DA:106,0
DA:107,0
DA:108,0
DA:109,0
DA:110,0
DA:111,0
DA:112,0
DA:113,0
DA:114,0
DA:117,0
DA:118,0
DA:119,0
DA:120,0
DA:121,0
DA:122,0
DA:123,0
DA:124,0
DA:129,0
DA:130,0
DA:131,0
DA:132,0
DA:133,0
DA:134,0
DA:136,0
DA:137,0
DA:138,0
DA:142,0
DA:143,0
DA:144,0
DA:145,0
DA:146,0
DA:147,0
DA:148,0
DA:149,0
DA:152,0
DA:154,0
DA:155,0
DA:156,0
DA:157,0
DA:161,0
DA:162,0
DA:163,0
DA:164,0
DA:166,0
DA:167,0
DA:168,0
DA:169,0
DA:170,0
DA:171,0
DA:172,0
DA:173,0
DA:174,0
DA:175,0
DA:176,0
DA:177,0
DA:180,0
DA:181,0
DA:182,0
DA:183,0
DA:184,0
DA:185,0
DA:193,0
DA:196,0
DA:197,0
DA:198,0
DA:199,0
DA:201,0
DA:202,0
DA:203,0
DA:204,0
DA:205,0
DA:206,0
DA:207,0
DA:208,0
DA:209,0
DA:210,0
DA:214,0
DA:215,0
DA:216,0
DA:217,0
DA:218,0
DA:225,0
DA:226,0
DA:229,0
DA:230,0
DA:231,0
DA:232,0
DA:233,0
DA:234,0
DA:235,0
DA:236,0
DA:237,0
DA:241,0
DA:262,0
DA:266,0
DA:269,0
DA:282,0
DA:298,0
DA:305,0
DA:311,0
DA:313,0
DA:314,0
DA:315,0
DA:316,0
DA:317,0
DA:319,0
DA:322,0
DA:323,0
DA:324,0
DA:325,0
DA:326,0
DA:328,0
DA:330,0
DA:338,0
DA:340,0
DA:348,0
DA:349,0
DA:351,0
DA:352,0
DA:354,0
DA:358,0
DA:359,0
DA:361,0
DA:362,0
DA:363,0
DA:364,0
DA:369,0
DA:370,0
DA:371,0
DA:373,0
DA:420,0
DA:438,0
DA:453,0
DA:469,0
LF:155
LH:0
BRDA:55,0,0,0
BRDA:55,0,1,0
BRDA:57,1,0,0
BRDA:57,1,1,0
BRDA:57,2,0,0
BRDA:57,2,1,0
BRDA:57,2,2,0
BRDA:59,3,0,0
BRDA:59,3,1,0
BRDA:90,4,0,0
BRDA:90,4,1,0
BRDA:91,5,0,0
BRDA:91,5,1,0
BRDA:111,6,0,0
BRDA:111,6,1,0
BRDA:113,7,0,0
BRDA:113,7,1,0
BRDA:119,8,0,0
BRDA:119,8,1,0
BRDA:120,9,0,0
BRDA:120,9,1,0
BRDA:121,10,0,0
BRDA:121,10,1,0
BRDA:121,11,0,0
BRDA:121,11,1,0
BRDA:123,12,0,0
BRDA:123,12,1,0
BRDA:123,13,0,0
BRDA:123,13,1,0
BRDA:131,14,0,0
BRDA:131,14,1,0
BRDA:132,15,0,0
BRDA:132,15,1,0
BRDA:133,16,0,0
BRDA:133,16,1,0
BRDA:134,17,0,0
BRDA:134,17,1,0
BRDA:134,18,0,0
BRDA:134,18,1,0
BRDA:137,19,0,0
BRDA:137,19,1,0
BRDA:137,20,0,0
BRDA:137,20,1,0
BRDA:145,21,0,0
BRDA:145,21,1,0
BRDA:146,22,0,0
BRDA:146,22,1,0
BRDA:148,23,0,0
BRDA:148,23,1,0
BRDA:154,24,0,0
BRDA:154,24,1,0
BRDA:154,25,0,0
BRDA:154,25,1,0
BRDA:155,26,0,0
BRDA:155,26,1,0
BRDA:155,27,0,0
BRDA:155,27,1,0
BRDA:156,28,0,0
BRDA:156,28,1,0
BRDA:156,29,0,0
BRDA:156,29,1,0
BRDA:157,30,0,0
BRDA:157,30,1,0
BRDA:157,31,0,0
BRDA:157,31,1,0
BRDA:167,32,0,0
BRDA:167,32,1,0
BRDA:168,33,0,0
BRDA:168,33,1,0
BRDA:169,34,0,0
BRDA:169,34,1,0
BRDA:170,35,0,0
BRDA:170,35,1,0
BRDA:171,36,0,0
BRDA:171,36,1,0
BRDA:172,37,0,0
BRDA:172,37,1,0
BRDA:172,38,0,0
BRDA:172,38,1,0
BRDA:174,39,0,0
BRDA:174,39,1,0
BRDA:175,40,0,0
BRDA:175,40,1,0
BRDA:176,41,0,0
BRDA:176,41,1,0
BRDA:181,42,0,0
BRDA:181,42,1,0
BRDA:184,43,0,0
BRDA:184,43,1,0
BRDA:184,44,0,0
BRDA:184,44,1,0
BRDA:202,45,0,0
BRDA:202,45,1,0
BRDA:203,46,0,0
BRDA:203,46,1,0
BRDA:204,47,0,0
BRDA:204,47,1,0
BRDA:206,48,0,0
BRDA:206,48,1,0
BRDA:207,49,0,0
BRDA:207,49,1,0
BRDA:216,50,0,0
BRDA:216,50,1,0
BRDA:217,51,0,0
BRDA:217,51,1,0
BRDA:220,52,0,0
BRDA:220,52,1,0
BRDA:231,53,0,0
BRDA:231,53,1,0
BRDA:232,54,0,0
BRDA:232,54,1,0
BRDA:233,55,0,0
BRDA:233,55,1,0
BRDA:234,56,0,0
BRDA:234,56,1,0
BRDA:235,57,0,0
BRDA:235,57,1,0
BRDA:235,58,0,0
BRDA:235,58,1,0
BRDA:235,58,2,0
BRDA:236,59,0,0
BRDA:236,59,1,0
BRDA:261,60,0,0
BRDA:298,61,0,0
BRDA:298,61,1,0
BRDA:300,62,0,0
BRDA:300,62,1,0
BRDA:302,63,0,0
BRDA:302,63,1,0
BRDA:322,64,0,0
BRDA:322,64,1,0
BRDA:338,65,0,0
BRDA:338,65,1,0
BRDA:351,66,0,0
BRDA:351,66,1,0
BRDA:352,67,0,0
BRDA:352,67,1,0
BRDA:354,68,0,0
BRDA:354,68,1,0
BRDA:371,69,0,0
BRDA:371,69,1,0
BRDA:384,70,0,0
BRDA:384,70,1,0
BRDA:384,71,0,0
BRDA:384,71,1,0
BRDA:386,72,0,0
BRDA:386,72,1,0
BRDA:396,73,0,0
BRDA:396,73,1,0
BRDA:402,74,0,0
BRDA:402,74,1,0
BRDA:416,75,0,0
BRDA:416,75,1,0
BRDA:420,76,0,0
BRDA:420,76,1,0
BRDA:421,77,0,0
BRDA:421,77,1,0
BRDA:427,78,0,0
BRDA:427,78,1,0
BRDA:434,79,0,0
BRDA:434,79,1,0
BRDA:447,80,0,0
BRDA:447,80,1,0
BRDA:449,81,0,0
BRDA:449,81,1,0
BRDA:458,82,0,0
BRDA:458,82,1,0
BRDA:465,83,0,0
BRDA:465,83,1,0
BRDA:469,84,0,0
BRDA:469,84,1,0
BRDA:470,85,0,0
BRDA:470,85,1,0
BRDA:474,86,0,0
BRDA:474,86,1,0
BRDA:482,87,0,0
BRDA:482,87,1,0
BRDA:482,87,2,0
BRDA:485,88,0,0
BRDA:485,88,1,0
BRDA:492,89,0,0
BRDA:492,89,1,0
BRF:182
BRH:0
end_of_record
TN:
SF:src\components\dashboard\ExecutiveDashboard.tsx
FN:24,ExecutiveDashboard
FN:30,(anonymous_1)
FN:53,(anonymous_2)
FN:56,(anonymous_3)
FNF:4
FNH:0
FNDA:0,ExecutiveDashboard
FNDA:0,(anonymous_1)
FNDA:0,(anonymous_2)
FNDA:0,(anonymous_3)
DA:17,0
DA:25,0
DA:26,0
DA:27,0
DA:28,0
DA:30,0
DA:31,0
DA:34,0
DA:37,0
DA:54,0
DA:56,0
LF:11
LH:0
BRDA:40,0,0,0
BRDA:40,0,1,0
BRDA:56,1,0,0
BRDA:56,1,1,0
BRDA:58,2,0,0
BRDA:58,2,1,0
BRDA:62,3,0,0
BRDA:62,3,1,0
BRDA:73,4,0,0
BRDA:73,4,1,0
BRDA:78,5,0,0
BRDA:78,5,1,0
BRDA:81,6,0,0
BRDA:81,6,1,0
BRDA:130,7,0,0
BRDA:130,7,1,0
BRDA:133,8,0,0
BRDA:133,8,1,0
BRF:18
BRH:0
end_of_record
TN:
SF:src\components\dashboard\FleetGrid.tsx
FN:10,FleetGrid
FN:11,(anonymous_1)
FN:17,(anonymous_2)
FNF:3
FNH:0
FNDA:0,FleetGrid
FNDA:0,(anonymous_1)
FNDA:0,(anonymous_2)
DA:8,0
DA:11,0
DA:12,0
DA:15,0
DA:18,0
LF:5
LH:0
BRF:0
BRH:0
end_of_record
TN:
SF:src\components\data-manager\DataManagerStaticViews.tsx
FN:16,SkeletonTable
FN:23,(anonymous_1)
FN:36,(anonymous_2)
FN:38,(anonymous_3)
FN:71,EmptyState
FN:90,ErrorState
FNF:6
FNH:0
FNDA:0,SkeletonTable
FNDA:0,(anonymous_1)
FNDA:0,(anonymous_2)
FNDA:0,(anonymous_3)
FNDA:0,EmptyState
FNDA:0,ErrorState
DA:17,0
DA:24,0
DA:37,0
DA:39,0
DA:72,0
DA:91,0
LF:6
LH:0
BRDA:27,0,0,0
BRDA:27,0,1,0
BRDA:37,1,0,0
BRDA:37,1,1,0
BRDA:42,2,0,0
BRDA:42,2,1,0
BRF:6
BRH:0
end_of_record
TN:
SF:src\components\data-manager\DataTable.tsx
FN:27,renderCell
FN:79,EditableInput
FN:90,(anonymous_2)
FN:105,handleKeyDown
FN:121,(anonymous_4)
FN:122,(anonymous_5)
FN:134,(anonymous_6)
FN:135,(anonymous_7)
FN:160,DataTable
FN:188,(anonymous_9)
FN:206,(anonymous_10)
FN:219,(anonymous_11)
FN:223,(anonymous_12)
FN:269,(anonymous_13)
FN:291,(anonymous_14)
FNF:15
FNH:0
FNDA:0,renderCell
FNDA:0,EditableInput
FNDA:0,(anonymous_2)
FNDA:0,handleKeyDown
FNDA:0,(anonymous_4)
FNDA:0,(anonymous_5)
FNDA:0,(anonymous_6)
FNDA:0,(anonymous_7)
FNDA:0,DataTable
FNDA:0,(anonymous_9)
FNDA:0,(anonymous_10)
FNDA:0,(anonymous_11)
FNDA:0,(anonymous_12)
FNDA:0,(anonymous_13)
FNDA:0,(anonymous_14)
DA:28,0
DA:29,0
DA:31,0
DA:32,0
DA:34,0
DA:35,0
DA:36,0
DA:44,0
DA:45,0
DA:46,0
DA:54,0
DA:55,0
DA:56,0
DA:64,0
DA:87,0
DA:88,0
DA:90,0
DA:91,0
DA:92,0
DA:93,0
DA:94,0
DA:99,0
DA:106,0
DA:107,0
DA:108,0
DA:109,0
DA:110,0
DA:111,0
DA:115,0
DA:116,0
DA:121,0
DA:122,0
DA:129,0
DA:134,0
DA:135,0
DA:174,0
DA:189,0
DA:207,0
DA:219,0
DA:224,0
DA:225,0
DA:227,0
DA:229,0
DA:231,0
DA:235,0
DA:236,0
DA:237,0
DA:238,0
DA:239,0
DA:242,0
DA:261,0
DA:262,0
DA:269,0
DA:276,0
DA:277,0
DA:287,0
DA:291,0
LF:57
LH:0
BRDA:28,0,0,0
BRDA:28,0,1,0
BRDA:31,1,0,0
BRDA:31,1,1,0
BRDA:34,2,0,0
BRDA:34,2,1,0
BRDA:44,3,0,0
BRDA:44,3,1,0
BRDA:54,4,0,0
BRDA:54,4,1,0
BRDA:92,5,0,0
BRDA:92,5,1,0
BRDA:94,6,0,0
BRDA:94,6,1,0
BRDA:101,7,0,0
BRDA:101,7,1,0
BRDA:102,8,0,0
BRDA:102,8,1,0
BRDA:106,9,0,0
BRDA:106,9,1,0
BRDA:106,10,0,0
BRDA:106,10,1,0
BRDA:109,11,0,0
BRDA:109,11,1,0
BRDA:115,12,0,0
BRDA:115,12,1,0
BRDA:183,13,0,0
BRDA:183,13,1,0
BRDA:195,14,0,0
BRDA:195,14,1,0
BRDA:196,15,0,0
BRDA:196,15,1,0
BRDA:197,16,0,0
BRDA:197,16,1,0
BRDA:210,17,0,0
BRDA:210,17,1,0
BRDA:212,18,0,0
BRDA:212,18,1,0
BRDA:224,19,0,0
BRDA:224,19,1,0
BRDA:225,20,0,0
BRDA:225,20,1,0
BRDA:227,21,0,0
BRDA:227,21,1,0
BRDA:229,22,0,0
BRDA:229,22,1,0
BRDA:231,23,0,0
BRDA:231,23,1,0
BRDA:231,24,0,0
BRDA:231,24,1,0
BRDA:236,25,0,0
BRDA:236,25,1,0
BRDA:238,26,0,0
BRDA:238,26,1,0
BRDA:244,27,0,0
BRDA:244,27,1,0
BRDA:245,28,0,0
BRDA:245,28,1,0
BRDA:246,29,0,0
BRDA:246,29,1,0
BRDA:248,30,0,0
BRDA:248,30,1,0
BRDA:251,31,0,0
BRDA:251,31,1,0
BRDA:252,32,0,0
BRDA:252,32,1,0
BRDA:252,33,0,0
BRDA:252,33,1,0
BRDA:252,33,2,0
BRDA:255,34,0,0
BRDA:255,34,1,0
BRDA:261,35,0,0
BRDA:261,35,1,0
BRDA:261,36,0,0
BRDA:261,36,1,0
BRDA:276,37,0,0
BRDA:276,37,1,0
BRDA:281,38,0,0
BRDA:281,38,1,0
BRDA:291,39,0,0
BRDA:291,39,1,0
BRDA:294,40,0,0
BRDA:294,40,1,0
BRF:83
BRH:0
end_of_record
TN:
SF:src\components\data-manager\data-manager-collections.ts
FNF:0
FNH:0
DA:8,0
LF:1
LH:0
BRF:0
BRH:0
end_of_record
TN:
SF:src\components\data-manager\data-manager-helpers.ts
FN:11,isRowEmpty
FN:12,(anonymous_1)
FN:19,looksLikeHeaderRow
FN:30,formatCurrency
FN:51,severityBadge
FN:66,statusBadge
FN:81,resultadoBadge
FN:101,downloadCSV
FN:102,(anonymous_8)
FN:107,(anonymous_9)
FN:109,(anonymous_10)
FN:109,(anonymous_11)
FN:124,buildTSV
FN:125,(anonymous_13)
FN:127,(anonymous_14)
FN:127,(anonymous_15)
FNF:16
FNH:0
FNDA:0,isRowEmpty
FNDA:0,(anonymous_1)
FNDA:0,looksLikeHeaderRow
FNDA:0,formatCurrency
FNDA:0,severityBadge
FNDA:0,statusBadge
FNDA:0,resultadoBadge
FNDA:0,downloadCSV
FNDA:0,(anonymous_8)
FNDA:0,(anonymous_9)
FNDA:0,(anonymous_10)
FNDA:0,(anonymous_11)
FNDA:0,buildTSV
FNDA:0,(anonymous_13)
FNDA:0,(anonymous_14)
FNDA:0,(anonymous_15)
DA:12,0
DA:20,0
DA:21,0
DA:22,0
DA:23,0
DA:24,0
DA:31,0
DA:32,0
DA:33,0
DA:34,0
DA:52,0
DA:53,0
DA:54,0
DA:56,0
DA:57,0
DA:59,0
DA:60,0
DA:62,0
DA:67,0
DA:68,0
DA:69,0
DA:71,0
DA:72,0
DA:74,0
DA:75,0
DA:77,0
DA:82,0
DA:83,0
DA:84,0
DA:86,0
DA:87,0
DA:89,0
DA:90,0
DA:92,0
DA:102,0
DA:103,0
DA:104,0
DA:105,0
DA:107,0
DA:108,0
DA:109,0
DA:111,0
DA:112,0
DA:113,0
DA:114,0
DA:115,0
DA:116,0
DA:117,0
DA:118,0
DA:119,0
DA:120,0
DA:125,0
DA:126,0
DA:127,0
DA:129,0
LF:55
LH:0
BRDA:12,0,0,0
BRDA:12,0,1,0
BRDA:20,1,0,0
BRDA:20,1,1,0
BRDA:21,2,0,0
BRDA:21,2,1,0
BRDA:22,3,0,0
BRDA:22,3,1,0
BRDA:23,4,0,0
BRDA:23,4,1,0
BRDA:24,5,0,0
BRDA:24,5,1,0
BRDA:33,6,0,0
BRDA:33,6,1,0
BRDA:53,7,0,0
BRDA:53,7,1,0
BRDA:53,8,0,0
BRDA:53,8,1,0
BRDA:53,8,2,0
BRDA:56,9,0,0
BRDA:56,9,1,0
BRDA:56,10,0,0
BRDA:56,10,1,0
BRDA:59,11,0,0
BRDA:59,11,1,0
BRDA:59,12,0,0
BRDA:59,12,1,0
BRDA:68,13,0,0
BRDA:68,13,1,0
BRDA:68,14,0,0
BRDA:68,14,1,0
BRDA:68,14,2,0
BRDA:68,14,3,0
BRDA:71,15,0,0
BRDA:71,15,1,0
BRDA:71,16,0,0
BRDA:71,16,1,0
BRDA:71,16,2,0
BRDA:74,17,0,0
BRDA:74,17,1,0
BRDA:74,18,0,0
BRDA:74,18,1,0
BRDA:74,18,2,0
BRDA:83,19,0,0
BRDA:83,19,1,0
BRDA:83,20,0,0
BRDA:83,20,1,0
BRDA:83,20,2,0
BRDA:86,21,0,0
BRDA:86,21,1,0
BRDA:86,22,0,0
BRDA:86,22,1,0
BRDA:89,23,0,0
BRDA:89,23,1,0
BRDA:89,24,0,0
BRDA:89,24,1,0
BRDA:89,24,2,0
BRDA:105,25,0,0
BRDA:105,25,1,0
BRDA:109,26,0,0
BRDA:109,26,1,0
BRDA:127,27,0,0
BRDA:127,27,1,0
BRF:63
BRH:0
end_of_record
TN:
SF:src\components\data-manager\data-manager-types.ts
FNF:0
FNH:0
LF:0
LH:0
BRF:0
BRH:0
end_of_record
TN:
SF:src\components\dvir\DVIRResultBanner.tsx
FN:11,DVIRResultBanner
FN:12,(anonymous_1)
FN:15,(anonymous_2)
FN:16,(anonymous_3)
FN:17,(anonymous_4)
FNF:5
FNH:0
FNDA:0,DVIRResultBanner
FNDA:0,(anonymous_1)
FNDA:0,(anonymous_2)
FNDA:0,(anonymous_3)
FNDA:0,(anonymous_4)
DA:12,0
DA:13,0
DA:15,0
DA:16,0
DA:17,0
DA:20,0
DA:21,0
DA:22,0
DA:23,0
DA:25,0
DA:28,0
DA:29,0
DA:38,0
DA:39,0
DA:48,0
LF:15
LH:0
BRDA:13,0,0,0
BRDA:13,0,1,0
BRDA:20,1,0,0
BRDA:20,1,1,0
BRDA:22,2,0,0
BRDA:22,2,1,0
BRDA:28,3,0,0
BRDA:28,3,1,0
BRDA:38,4,0,0
BRDA:38,4,1,0
BRF:10
BRH:0
end_of_record
TN:
SF:src\components\dvir\SystemCheckRow.tsx
FN:52,SystemCheckRow
FN:74,(anonymous_1)
FN:86,(anonymous_2)
FN:98,(anonymous_3)
FN:121,(anonymous_4)
FNF:5
FNH:0
FNDA:0,SystemCheckRow
FNDA:0,(anonymous_1)
FNDA:0,(anonymous_2)
FNDA:0,(anonymous_3)
FNDA:0,(anonymous_4)
DA:21,0
DA:62,0
DA:64,0
DA:74,0
DA:86,0
DA:98,0
DA:121,0
LF:7
LH:0
BRDA:62,0,0,0
BRDA:62,0,1,0
BRDA:76,1,0,0
BRDA:76,1,1,0
BRDA:88,2,0,0
BRDA:88,2,1,0
BRDA:100,3,0,0
BRDA:100,3,1,0
BRDA:111,4,0,0
BRDA:111,4,1,0
BRF:10
BRH:0
end_of_record
TN:
SF:src\components\falla\AutoPriorityIndicator.tsx
FN:8,AutoPriorityIndicator
FNF:1
FNH:0
FNDA:0,AutoPriorityIndicator
DA:9,0
DA:11,0
LF:2
LH:0
BRF:0
BRH:0
end_of_record
TN:
SF:src\components\fuel\FuelDispatchScanner.tsx
FN:37,matchUnit
FN:42,(anonymous_1)
FN:50,(anonymous_2)
FN:56,(anonymous_3)
FN:65,formatDateDDMMYYYY
FN:73,isoToDDMMYYYY
FN:79,confidenceDot
FN:87,FuelDispatchScanner
FN:100,handleFile
FN:105,(anonymous_9)
FN:125,handleFileInput
FN:134,updateRow
FN:135,(anonymous_12)
FN:136,(anonymous_13)
FN:140,deleteRow
FN:141,(anonymous_15)
FN:141,(anonymous_16)
FN:146,handleConfirmAll
FN:149,(anonymous_18)
FN:172,(anonymous_19)
FN:204,(anonymous_20)
FN:211,(anonymous_21)
FN:237,(anonymous_22)
FN:245,(anonymous_23)
FN:299,(anonymous_24)
FN:332,(anonymous_25)
FN:345,(anonymous_26)
FN:359,(anonymous_27)
FN:363,(anonymous_28)
FN:378,(anonymous_29)
FN:388,(anonymous_30)
FN:398,(anonymous_31)
FN:411,(anonymous_32)
FN:412,(anonymous_33)
FN:415,(anonymous_34)
FNF:35
FNH:0
FNDA:0,matchUnit
FNDA:0,(anonymous_1)
FNDA:0,(anonymous_2)
FNDA:0,(anonymous_3)
FNDA:0,formatDateDDMMYYYY
FNDA:0,isoToDDMMYYYY
FNDA:0,confidenceDot
FNDA:0,FuelDispatchScanner
FNDA:0,handleFile
FNDA:0,(anonymous_9)
FNDA:0,handleFileInput
FNDA:0,updateRow
FNDA:0,(anonymous_12)
FNDA:0,(anonymous_13)
FNDA:0,deleteRow
FNDA:0,(anonymous_15)
FNDA:0,(anonymous_16)
FNDA:0,handleConfirmAll
FNDA:0,(anonymous_18)
FNDA:0,(anonymous_19)
FNDA:0,(anonymous_20)
FNDA:0,(anonymous_21)
FNDA:0,(anonymous_22)
FNDA:0,(anonymous_23)
FNDA:0,(anonymous_24)
FNDA:0,(anonymous_25)
FNDA:0,(anonymous_26)
FNDA:0,(anonymous_27)
FNDA:0,(anonymous_28)
FNDA:0,(anonymous_29)
FNDA:0,(anonymous_30)
FNDA:0,(anonymous_31)
FNDA:0,(anonymous_32)
FNDA:0,(anonymous_33)
FNDA:0,(anonymous_34)
DA:38,0
DA:39,0
DA:42,0
DA:44,0
DA:47,0
DA:50,0
DA:51,0
DA:54,0
DA:55,0
DA:56,0
DA:57,0
DA:60,0
DA:66,0
DA:67,0
DA:68,0
DA:69,0
DA:74,0
DA:75,0
DA:76,0
DA:80,0
DA:81,0
DA:82,0
DA:88,0
DA:89,0
DA:90,0
DA:92,0
DA:93,0
DA:94,0
DA:95,0
DA:96,0
DA:101,0
DA:102,0
DA:103,0
DA:104,0
DA:105,0
DA:115,0
DA:116,0
DA:117,0
DA:119,0
DA:120,0
DA:121,0
DA:126,0
DA:127,0
DA:128,0
DA:129,0
DA:135,0
DA:136,0
DA:141,0
DA:147,0
DA:148,0
DA:149,0
DA:150,0
DA:152,0
DA:153,0
DA:155,0
DA:172,0
DA:173,0
DA:174,0
DA:176,0
DA:180,0
DA:193,0
DA:199,0
DA:200,0
DA:206,0
DA:207,0
DA:214,0
DA:215,0
DA:218,0
DA:224,0
DA:225,0
DA:237,0
DA:245,0
DA:279,0
DA:280,0
DA:290,0
DA:291,0
DA:299,0
DA:317,0
DA:318,0
DA:333,0
DA:345,0
DA:359,0
DA:364,0
DA:378,0
DA:388,0
DA:398,0
DA:411,0
DA:412,0
DA:415,0
DA:429,0
DA:430,0
DA:431,0
DA:448,0
LF:93
LH:0
BRDA:38,0,0,0
BRDA:38,0,1,0
BRDA:44,1,0,0
BRDA:44,1,1,0
BRDA:47,2,0,0
BRDA:47,2,1,0
BRDA:51,3,0,0
BRDA:51,3,1,0
BRDA:55,4,0,0
BRDA:55,4,1,0
BRDA:57,5,0,0
BRDA:57,5,1,0
BRDA:74,6,0,0
BRDA:74,6,1,0
BRDA:74,7,0,0
BRDA:74,7,1,0
BRDA:80,8,0,0
BRDA:80,8,1,0
BRDA:81,9,0,0
BRDA:81,9,1,0
BRDA:109,10,0,0
BRDA:109,10,1,0
BRDA:110,11,0,0
BRDA:110,11,1,0
BRDA:111,12,0,0
BRDA:111,12,1,0
BRDA:119,13,0,0
BRDA:119,13,1,0
BRDA:127,14,0,0
BRDA:127,14,1,0
BRDA:136,15,0,0
BRDA:136,15,1,0
BRDA:149,16,0,0
BRDA:149,16,1,0
BRDA:149,16,2,0
BRDA:157,17,0,0
BRDA:157,17,1,0
BRDA:158,18,0,0
BRDA:158,18,1,0
BRDA:173,19,0,0
BRDA:173,19,1,0
BRDA:174,20,0,0
BRDA:174,20,1,0
BRDA:176,21,0,0
BRDA:176,21,1,0
BRDA:176,22,0,0
BRDA:176,22,1,0
BRDA:181,23,0,0
BRDA:181,23,1,0
BRDA:182,24,0,0
BRDA:182,24,1,0
BRDA:188,25,0,0
BRDA:188,25,1,0
BRDA:189,26,0,0
BRDA:189,26,1,0
BRDA:199,27,0,0
BRDA:199,27,1,0
BRDA:206,28,0,0
BRDA:206,28,1,0
BRDA:224,29,0,0
BRDA:224,29,1,0
BRDA:279,30,0,0
BRDA:279,30,1,0
BRDA:290,31,0,0
BRDA:290,31,1,0
BRDA:317,32,0,0
BRDA:317,32,1,0
BRDA:324,33,0,0
BRDA:324,33,1,0
BRDA:327,34,0,0
BRDA:327,34,1,0
BRDA:337,35,0,0
BRDA:337,35,1,0
BRDA:412,36,0,0
BRDA:412,36,1,0
BRDA:412,36,2,0
BRDA:415,37,0,0
BRDA:415,37,1,0
BRDA:415,37,2,0
BRDA:429,38,0,0
BRDA:429,38,1,0
BRDA:430,39,0,0
BRDA:430,39,1,0
BRDA:452,40,0,0
BRDA:452,40,1,0
BRF:85
BRH:0
end_of_record
TN:
SF:src\components\gastos\LineItemsEditor.tsx
FN:17,LineItemsEditor
FN:22,(anonymous_1)
FN:29,(anonymous_2)
FN:40,(anonymous_3)
FN:46,(anonymous_4)
FN:60,(anonymous_5)
FN:71,(anonymous_6)
FNF:7
FNH:0
FNDA:0,LineItemsEditor
FNDA:0,(anonymous_1)
FNDA:0,(anonymous_2)
FNDA:0,(anonymous_3)
FNDA:0,(anonymous_4)
FNDA:0,(anonymous_5)
FNDA:0,(anonymous_6)
DA:18,0
DA:23,0
DA:29,0
DA:40,0
DA:46,0
DA:60,0
DA:71,0
LF:7
LH:0
BRDA:26,0,0,0
BRDA:26,0,1,0
BRDA:59,1,0,0
BRDA:59,1,1,0
BRDA:60,2,0,0
BRDA:60,2,1,0
BRDA:70,3,0,0
BRDA:70,3,1,0
BRDA:71,4,0,0
BRDA:71,4,1,0
BRF:10
BRH:0
end_of_record
TN:
SF:src\components\gastos\OcrReceiptSection.tsx
FN:30,OcrReceiptSection
FN:43,handleFileInput
FN:58,(anonymous_2)
FN:76,(anonymous_3)
FNF:4
FNH:0
FNDA:0,OcrReceiptSection
FNDA:0,handleFileInput
FNDA:0,(anonymous_2)
FNDA:0,(anonymous_3)
DA:40,0
DA:41,0
DA:44,0
DA:45,0
DA:48,0
DA:58,0
DA:76,0
LF:7
LH:0
BRDA:45,0,0,0
BRDA:45,0,1,0
BRDA:92,1,0,0
BRDA:92,1,1,0
BRDA:98,2,0,0
BRDA:98,2,1,0
BRDA:98,2,2,0
BRDA:104,3,0,0
BRDA:104,3,1,0
BRDA:112,4,0,0
BRDA:112,4,1,0
BRDA:115,5,0,0
BRDA:115,5,1,0
BRDA:117,6,0,0
BRDA:117,6,1,0
BRDA:127,7,0,0
BRDA:127,7,1,0
BRF:17
BRH:0
end_of_record
TN:
SF:src\components\layout\AppShell.tsx
FN:9,AppShell
FNF:1
FNH:0
FNDA:0,AppShell
DA:10,0
LF:1
LH:0
BRF:0
BRH:0
end_of_record
TN:
SF:src\components\layout\BottomNav.tsx
FN:9,LucideIcon
FN:14,BottomNav
FN:18,(anonymous_2)
FN:24,(anonymous_3)
FN:29,(anonymous_4)
FN:44,(anonymous_5)
FN:49,(anonymous_6)
FN:78,(anonymous_7)
FNF:8
FNH:0
FNDA:0,LucideIcon
FNDA:0,BottomNav
FNDA:0,(anonymous_2)
FNDA:0,(anonymous_3)
FNDA:0,(anonymous_4)
FNDA:0,(anonymous_5)
FNDA:0,(anonymous_6)
FNDA:0,(anonymous_7)
DA:10,0
DA:11,0
DA:15,0
DA:16,0
DA:17,0
DA:18,0
DA:20,0
DA:22,0
DA:24,0
DA:25,0
DA:26,0
DA:29,0
DA:30,0
DA:31,0
DA:33,0
DA:37,0
DA:45,0
DA:46,0
DA:49,0
DA:78,0
LF:20
LH:0
BRDA:11,0,0,0
BRDA:11,0,1,0
BRDA:20,1,0,0
BRDA:20,1,1,0
BRDA:25,2,0,0
BRDA:25,2,1,0
BRDA:30,3,0,0
BRDA:30,3,1,0
BRDA:52,4,0,0
BRDA:52,4,1,0
BRDA:57,5,0,0
BRDA:57,5,1,0
BRDA:61,6,0,0
BRDA:61,6,1,0
BRDA:65,7,0,0
BRDA:65,7,1,0
BRF:16
BRH:0
end_of_record
TN:
SF:src\components\layout\FloatingChatButton.tsx
FN:4,FloatingChatButton
FN:7,(anonymous_1)
FN:29,(anonymous_2)
FN:46,(anonymous_3)
FN:51,(anonymous_4)
FNF:5
FNH:0
FNDA:0,FloatingChatButton
FNDA:0,(anonymous_1)
FNDA:0,(anonymous_2)
FNDA:0,(anonymous_3)
FNDA:0,(anonymous_4)
DA:5,0
DA:6,0
DA:7,0
DA:9,0
DA:10,0
DA:12,0
DA:14,0
DA:29,0
DA:47,0
DA:48,0
DA:52,0
DA:53,0
LF:12
LH:0
BRDA:10,0,0,0
BRDA:10,0,1,0
BRDA:10,1,0,0
BRDA:10,1,1,0
BRDA:12,2,0,0
BRDA:12,2,1,0
BRF:6
BRH:0
end_of_record
TN:
SF:src\components\layout\Header.tsx
FN:9,Header
FN:11,(anonymous_1)
FN:12,(anonymous_2)
FN:13,(anonymous_3)
FN:14,(anonymous_4)
FN:15,(anonymous_5)
FN:16,(anonymous_6)
FN:24,(anonymous_7)
FN:55,(anonymous_8)
FN:74,(anonymous_9)
FNF:10
FNH:0
FNDA:0,Header
FNDA:0,(anonymous_1)
FNDA:0,(anonymous_2)
FNDA:0,(anonymous_3)
FNDA:0,(anonymous_4)
FNDA:0,(anonymous_5)
FNDA:0,(anonymous_6)
FNDA:0,(anonymous_7)
FNDA:0,(anonymous_8)
FNDA:0,(anonymous_9)
DA:10,0
DA:11,0
DA:12,0
DA:13,0
DA:14,0
DA:15,0
DA:16,0
DA:17,0
DA:21,0
DA:22,0
DA:24,0
DA:25,0
DA:26,0
DA:29,0
DA:55,0
DA:74,0
LF:16
LH:0
BRDA:17,0,0,0
BRDA:17,0,1,0
BRDA:21,1,0,0
BRDA:21,1,1,0
BRDA:22,2,0,0
BRDA:22,2,1,0
BRDA:22,2,2,0
BRDA:22,2,3,0
BRDA:44,3,0,0
BRDA:44,3,1,0
BRDA:53,4,0,0
BRDA:53,4,1,0
BRDA:60,5,0,0
BRDA:60,5,1,0
BRDA:65,6,0,0
BRDA:65,6,1,0
BRDA:72,7,0,0
BRDA:72,7,1,0
BRDA:79,8,0,0
BRDA:79,8,1,0
BRDA:84,9,0,0
BRDA:84,9,1,0
BRF:22
BRH:0
end_of_record
TN:
SF:src\components\layout\MoreTray.tsx
FN:5,LucideIcon
FN:16,MoreTray
FN:21,(anonymous_2)
FN:45,(anonymous_3)
FN:48,(anonymous_4)
FNF:5
FNH:0
FNDA:0,LucideIcon
FNDA:0,MoreTray
FNDA:0,(anonymous_2)
FNDA:0,(anonymous_3)
FNDA:0,(anonymous_4)
DA:6,0
DA:7,0
DA:17,0
DA:19,0
DA:21,0
DA:22,0
DA:23,0
DA:26,0
DA:46,0
DA:48,0
LF:10
LH:0
BRDA:7,0,0,0
BRDA:7,0,1,0
BRDA:19,1,0,0
BRDA:19,1,1,0
BRF:4
BRH:0
end_of_record
TN:
SF:src\components\mechanic\DiagramViewer.tsx
FN:21,matchesBrand
FN:25,(anonymous_1)
FN:28,DiagramViewer
FN:34,(anonymous_3)
FN:35,loadDiagrams
FN:58,(anonymous_5)
FN:65,openPDF
FN:77,(anonymous_7)
FN:84,(anonymous_8)
FN:87,(anonymous_9)
FN:103,(anonymous_10)
FN:118,(anonymous_11)
FNF:12
FNH:0
FNDA:0,matchesBrand
FNDA:0,(anonymous_1)
FNDA:0,DiagramViewer
FNDA:0,(anonymous_3)
FNDA:0,loadDiagrams
FNDA:0,(anonymous_5)
FNDA:0,openPDF
FNDA:0,(anonymous_7)
FNDA:0,(anonymous_8)
FNDA:0,(anonymous_9)
FNDA:0,(anonymous_10)
FNDA:0,(anonymous_11)
DA:4,0
DA:12,0
DA:14,0
DA:22,0
DA:23,0
DA:24,0
DA:25,0
DA:29,0
DA:30,0
DA:31,0
DA:32,0
DA:34,0
DA:36,0
DA:37,0
DA:38,0
DA:39,0
DA:40,0
DA:44,0
DA:53,0
DA:55,0
DA:58,0
DA:59,0
DA:61,0
DA:62,0
DA:66,0
DA:67,0
DA:70,0
DA:77,0
DA:85,0
DA:87,0
DA:104,0
DA:118,0
LF:32
LH:0
BRDA:23,0,0,0
BRDA:23,0,1,0
BRDA:38,1,0,0
BRDA:38,1,1,0
BRDA:59,2,0,0
BRDA:59,2,1,0
BRDA:61,3,0,0
BRDA:61,3,1,0
BRDA:62,4,0,0
BRDA:62,4,1,0
BRDA:89,5,0,0
BRDA:89,5,1,0
BRDA:99,6,0,0
BRDA:99,6,1,0
BRDA:127,7,0,0
BRDA:127,7,1,0
BRDA:127,7,2,0
BRF:17
BRH:0
end_of_record
TN:
SF:src\components\mechanic\ManualSearch.tsx
FN:18,ManualSearch
FN:26,handleSearch
FN:42,handleKeyDown
FN:54,(anonymous_3)
FN:64,(anonymous_4)
FN:67,(anonymous_5)
FN:98,(anonymous_6)
FN:105,(anonymous_7)
FN:118,(anonymous_8)
FNF:9
FNH:0
FNDA:0,ManualSearch
FNDA:0,handleSearch
FNDA:0,handleKeyDown
FNDA:0,(anonymous_3)
FNDA:0,(anonymous_4)
FNDA:0,(anonymous_5)
FNDA:0,(anonymous_6)
FNDA:0,(anonymous_7)
FNDA:0,(anonymous_8)
DA:6,0
DA:19,0
DA:20,0
DA:21,0
DA:22,0
DA:23,0
DA:24,0
DA:27,0
DA:28,0
DA:29,0
DA:30,0
DA:31,0
DA:32,0
DA:33,0
DA:34,0
DA:36,0
DA:38,0
DA:43,0
DA:46,0
DA:54,0
DA:64,0
DA:68,0
DA:99,0
DA:106,0
DA:118,0
LF:25
LH:0
BRDA:27,0,0,0
BRDA:27,0,1,0
BRDA:32,1,0,0
BRDA:32,1,1,0
BRDA:43,2,0,0
BRDA:43,2,1,0
BRDA:74,3,0,0
BRDA:74,3,1,0
BRDA:77,4,0,0
BRDA:77,4,1,0
BRDA:81,5,0,0
BRDA:81,5,1,0
BRDA:90,6,0,0
BRDA:90,6,1,0
BRDA:110,7,0,0
BRDA:110,7,1,0
BRDA:127,8,0,0
BRDA:127,8,1,0
BRDA:127,8,2,0
BRDA:127,8,3,0
BRF:20
BRH:0
end_of_record
TN:
SF:src\components\mechanic\MechanicHome.tsx
FN:8,MechanicHome
FN:12,(anonymous_1)
FN:16,(anonymous_2)
FN:17,(anonymous_3)
FN:42,(anonymous_4)
FN:46,(anonymous_5)
FN:59,(anonymous_6)
FN:66,(anonymous_7)
FN:73,(anonymous_8)
FNF:9
FNH:0
FNDA:0,MechanicHome
FNDA:0,(anonymous_1)
FNDA:0,(anonymous_2)
FNDA:0,(anonymous_3)
FNDA:0,(anonymous_4)
FNDA:0,(anonymous_5)
FNDA:0,(anonymous_6)
FNDA:0,(anonymous_7)
FNDA:0,(anonymous_8)
DA:9,0
DA:10,0
DA:12,0
DA:13,0
DA:16,0
DA:17,0
DA:19,0
DA:43,0
DA:46,0
DA:59,0
DA:66,0
DA:73,0
LF:12
LH:0
BRDA:13,0,0,0
BRDA:13,0,1,0
BRDA:25,1,0,0
BRDA:25,1,1,0
BRDA:31,2,0,0
BRDA:31,2,1,0
BRDA:39,3,0,0
BRDA:39,3,1,0
BRDA:41,4,0,0
BRDA:41,4,1,0
BRF:10
BRH:0
end_of_record
TN:
SF:src\components\mechanic\PartCard.tsx
FN:11,PartCard
FN:12,(anonymous_1)
FN:13,(anonymous_2)
FN:14,(anonymous_3)
FN:18,(anonymous_4)
FN:30,handleAddToCart
FN:43,(anonymous_6)
FNF:7
FNH:0
FNDA:0,PartCard
FNDA:0,(anonymous_1)
FNDA:0,(anonymous_2)
FNDA:0,(anonymous_3)
FNDA:0,(anonymous_4)
FNDA:0,handleAddToCart
FNDA:0,(anonymous_6)
DA:12,0
DA:13,0
DA:14,0
DA:15,0
DA:17,0
DA:18,0
DA:21,0
DA:24,0
DA:31,0
DA:42,0
DA:43,0
DA:46,0
LF:12
LH:0
BRDA:18,0,0,0
BRDA:18,0,1,0
BRDA:21,1,0,0
BRDA:21,1,1,0
BRDA:24,2,0,0
BRDA:24,2,1,0
BRDA:26,3,0,0
BRDA:26,3,1,0
BRDA:36,4,0,0
BRDA:36,4,1,0
BRDA:37,5,0,0
BRDA:37,5,1,0
BRDA:40,6,0,0
BRDA:40,6,1,0
BRDA:63,7,0,0
BRDA:63,7,1,0
BRDA:83,8,0,0
BRDA:83,8,1,0
BRDA:83,8,2,0
BRDA:87,9,0,0
BRDA:87,9,1,0
BRDA:90,10,0,0
BRDA:90,10,1,0
BRDA:90,11,0,0
BRDA:90,11,1,0
BRDA:91,12,0,0
BRDA:91,12,1,0
BRDA:91,13,0,0
BRDA:91,13,1,0
BRDA:94,14,0,0
BRDA:94,14,1,0
BRDA:94,15,0,0
BRDA:94,15,1,0
BRDA:97,16,0,0
BRDA:97,16,1,0
BRF:35
BRH:0
end_of_record
TN:
SF:src\components\mechanic\PartsSearch.tsx
FN:11,mergeResults
FN:25,PartsSearch
FN:35,(anonymous_2)
FN:45,(anonymous_3)
FN:57,(anonymous_4)
FN:75,(anonymous_5)
FN:86,(anonymous_6)
FN:100,(anonymous_7)
FN:108,(anonymous_8)
FN:111,(anonymous_9)
FN:158,(anonymous_10)
FNF:11
FNH:0
FNDA:0,mergeResults
FNDA:0,PartsSearch
FNDA:0,(anonymous_2)
FNDA:0,(anonymous_3)
FNDA:0,(anonymous_4)
FNDA:0,(anonymous_5)
FNDA:0,(anonymous_6)
FNDA:0,(anonymous_7)
FNDA:0,(anonymous_8)
FNDA:0,(anonymous_9)
FNDA:0,(anonymous_10)
DA:8,0
DA:12,0
DA:13,0
DA:14,0
DA:15,0
DA:16,0
DA:17,0
DA:18,0
DA:22,0
DA:26,0
DA:27,0
DA:28,0
DA:29,0
DA:30,0
DA:31,0
DA:32,0
DA:33,0
DA:35,0
DA:36,0
DA:38,0
DA:39,0
DA:40,0
DA:41,0
DA:42,0
DA:45,0
DA:46,0
DA:47,0
DA:48,0
DA:50,0
DA:51,0
DA:52,0
DA:53,0
DA:56,0
DA:57,0
DA:60,0
DA:61,0
DA:64,0
DA:65,0
DA:68,0
DA:69,0
DA:71,0
DA:75,0
DA:76,0
DA:80,0
DA:86,0
DA:100,0
DA:109,0
DA:111,0
DA:159,0
LF:49
LH:0
BRDA:16,0,0,0
BRDA:16,0,1,0
BRDA:36,1,0,0
BRDA:36,1,1,0
BRDA:38,2,0,0
BRDA:38,2,1,0
BRDA:51,3,0,0
BRDA:51,3,1,0
BRDA:64,4,0,0
BRDA:64,4,1,0
BRDA:64,5,0,0
BRDA:64,5,1,0
BRDA:76,6,0,0
BRDA:76,6,1,0
BRDA:113,7,0,0
BRDA:113,7,1,0
BRDA:124,8,0,0
BRDA:124,8,1,0
BRDA:124,8,2,0
BRDA:134,9,0,0
BRDA:134,9,1,0
BRDA:138,10,0,0
BRDA:138,10,1,0
BRDA:138,10,2,0
BRDA:146,11,0,0
BRDA:146,11,1,0
BRDA:146,11,2,0
BRDA:146,11,3,0
BRDA:146,11,4,0
BRDA:152,12,0,0
BRDA:152,12,1,0
BRDA:152,12,2,0
BRF:32
BRH:0
end_of_record
TN:
SF:src\components\pedidos\CartItemCard.tsx
FN:25,CartItemCard
FN:65,(anonymous_1)
FN:69,(anonymous_2)
FN:80,(anonymous_3)
FN:88,(anonymous_4)
FN:103,(anonymous_5)
FNF:6
FNH:0
FNDA:0,CartItemCard
FNDA:0,(anonymous_1)
FNDA:0,(anonymous_2)
FNDA:0,(anonymous_3)
FNDA:0,(anonymous_4)
FNDA:0,(anonymous_5)
DA:9,0
DA:33,0
DA:35,0
DA:65,0
DA:69,0
DA:80,0
DA:88,0
DA:103,0
LF:8
LH:0
BRDA:33,0,0,0
BRDA:33,0,1,0
BRDA:50,1,0,0
BRDA:50,1,1,0
BRDA:59,2,0,0
BRDA:59,2,1,0
BRDA:111,3,0,0
BRDA:111,3,1,0
BRF:8
BRH:0
end_of_record
TN:
SF:src\components\pedidos\ManualPartForm.tsx
FN:21,emptyManual
FN:43,ManualPartForm
FN:54,(anonymous_2)
FN:55,(anonymous_3)
FN:59,handleSearchInput
FN:64,handlePartNumberInput
FN:69,applySuggestion
FN:94,(anonymous_7)
FN:118,(anonymous_8)
FN:128,(anonymous_9)
FN:132,(anonymous_10)
FN:191,(anonymous_11)
FNF:12
FNH:0
FNDA:0,emptyManual
FNDA:0,ManualPartForm
FNDA:0,(anonymous_2)
FNDA:0,(anonymous_3)
FNDA:0,handleSearchInput
FNDA:0,handlePartNumberInput
FNDA:0,applySuggestion
FNDA:0,(anonymous_7)
FNDA:0,(anonymous_8)
FNDA:0,(anonymous_9)
FNDA:0,(anonymous_10)
FNDA:0,(anonymous_11)
DA:22,0
DA:51,0
DA:52,0
DA:54,0
DA:55,0
DA:57,0
DA:60,0
DA:61,0
DA:65,0
DA:66,0
DA:70,0
DA:76,0
DA:79,0
DA:94,0
DA:118,0
DA:129,0
DA:132,0
DA:191,0
LF:18
LH:0
BRDA:61,0,0,0
BRDA:61,0,1,0
BRDA:66,1,0,0
BRDA:66,1,1,0
BRDA:72,2,0,0
BRDA:72,2,1,0
BRDA:74,3,0,0
BRDA:74,3,1,0
BRDA:98,4,0,0
BRDA:98,4,1,0
BRDA:109,5,0,0
BRDA:109,5,1,0
BRDA:123,6,0,0
BRDA:123,6,1,0
BRDA:126,7,0,0
BRDA:126,7,1,0
BRDA:138,8,0,0
BRDA:138,8,1,0
BRDA:145,9,0,0
BRDA:145,9,1,0
BRF:20
BRH:0
end_of_record
TN:
SF:src\components\pedidos\PedidoRowCard.tsx
FN:64,PedidoRowCard
FN:70,handleAdvance
FNF:2
FNH:0
FNDA:0,PedidoRowCard
FNDA:0,handleAdvance
DA:12,0
DA:18,0
DA:24,0
DA:30,0
DA:65,0
DA:66,0
DA:67,0
DA:68,0
DA:71,0
DA:72,0
DA:73,0
DA:75,0
DA:76,0
DA:80,0
DA:84,0
LF:15
LH:0
BRDA:66,0,0,0
BRDA:66,0,1,0
BRDA:67,1,0,0
BRDA:67,1,1,0
BRDA:68,2,0,0
BRDA:68,2,1,0
BRDA:71,3,0,0
BRDA:71,3,1,0
BRDA:71,4,0,0
BRDA:71,4,1,0
BRDA:115,5,0,0
BRDA:115,5,1,0
BRDA:117,6,0,0
BRDA:117,6,1,0
BRDA:118,7,0,0
BRDA:118,7,1,0
BRDA:120,8,0,0
BRDA:120,8,1,0
BRDA:123,9,0,0
BRDA:123,9,1,0
BRDA:123,9,2,0
BRDA:129,10,0,0
BRDA:129,10,1,0
BRDA:130,11,0,0
BRDA:130,11,1,0
BRDA:131,12,0,0
BRDA:131,12,1,0
BRDA:132,13,0,0
BRDA:132,13,1,0
BRDA:135,14,0,0
BRDA:135,14,1,0
BRDA:146,15,0,0
BRDA:146,15,1,0
BRDA:146,15,2,0
BRF:34
BRH:0
end_of_record
TN:
SF:src\components\ui\ApiHealthDot.tsx
FN:18,UptimeStr
FN:25,ApiHealthDot
FN:36,(anonymous_2)
FN:36,(anonymous_3)
FN:61,(anonymous_4)
FN:82,(anonymous_5)
FN:94,(anonymous_6)
FNF:7
FNH:0
FNDA:0,UptimeStr
FNDA:0,ApiHealthDot
FNDA:0,(anonymous_2)
FNDA:0,(anonymous_3)
FNDA:0,(anonymous_4)
FNDA:0,(anonymous_5)
FNDA:0,(anonymous_6)
DA:4,0
DA:11,0
DA:19,0
DA:20,0
DA:21,0
DA:22,0
DA:26,0
DA:27,0
DA:29,0
DA:30,0
DA:32,0
DA:36,0
DA:61,0
DA:83,0
DA:95,0
LF:15
LH:0
BRDA:19,0,0,0
BRDA:19,0,1,0
BRDA:29,1,0,0
BRDA:29,1,1,0
BRDA:30,2,0,0
BRDA:30,2,1,0
BRDA:46,3,0,0
BRDA:46,3,1,0
BRDA:52,4,0,0
BRDA:52,4,1,0
BRDA:69,5,0,0
BRDA:69,5,1,0
BRDA:79,6,0,0
BRDA:79,6,1,0
BRDA:85,7,0,0
BRDA:85,7,1,0
BRDA:91,8,0,0
BRDA:91,8,1,0
BRDA:97,9,0,0
BRDA:97,9,1,0
BRDA:104,10,0,0
BRDA:104,10,1,0
BRDA:107,11,0,0
BRDA:107,11,1,0
BRF:24
BRH:0
end_of_record
TN:
SF:src\components\ui\ConfirmModal.tsx
FN:12,ConfirmModal
FN:20,(anonymous_1)
FN:33,(anonymous_2)
FN:35,(anonymous_3)
FN:41,(anonymous_4)
FN:48,(anonymous_5)
FNF:6
FNH:0
FNDA:0,ConfirmModal
FNDA:0,(anonymous_1)
FNDA:0,(anonymous_2)
FNDA:0,(anonymous_3)
FNDA:0,(anonymous_4)
FNDA:0,(anonymous_5)
DA:13,0
DA:14,0
DA:15,0
DA:16,0
DA:17,0
DA:20,0
DA:21,0
DA:22,0
DA:23,0
DA:26,0
DA:27,0
DA:33,0
DA:34,0
DA:35,0
DA:36,0
DA:37,0
DA:40,0
DA:41,0
DA:44,0
DA:46,0
DA:48,0
DA:49,0
DA:50,0
DA:51,0
DA:52,0
DA:54,0
DA:58,0
LF:27
LH:0
BRDA:21,0,0,0
BRDA:21,0,1,0
BRDA:26,1,0,0
BRDA:26,1,1,0
BRDA:34,2,0,0
BRDA:34,2,1,0
BRDA:36,3,0,0
BRDA:36,3,1,0
BRDA:44,4,0,0
BRDA:44,4,1,0
BRDA:46,5,0,0
BRDA:46,5,1,0
BRDA:49,6,0,0
BRDA:49,6,1,0
BRDA:85,7,0,0
BRDA:85,7,1,0
BRF:16
BRH:0
end_of_record
TN:
SF:src\components\ui\ConsentBanner.tsx
FN:7,hasConsented
FN:15,storeConsent
FN:23,ConsentBanner
FN:26,(anonymous_3)
FN:35,(anonymous_4)
FN:80,(anonymous_5)
FNF:6
FNH:0
FNDA:0,hasConsented
FNDA:0,storeConsent
FNDA:0,ConsentBanner
FNDA:0,(anonymous_3)
FNDA:0,(anonymous_4)
FNDA:0,(anonymous_5)
DA:5,0
DA:8,0
DA:9,0
DA:11,0
DA:16,0
DA:17,0
DA:24,0
DA:26,0
DA:28,0
DA:29,0
DA:33,0
DA:35,0
DA:36,0
DA:37,0
DA:40,0
DA:80,0
LF:16
LH:0
BRDA:28,0,0,0
BRDA:28,0,1,0
BRDA:33,1,0,0
BRDA:33,1,1,0
BRF:4
BRH:0
end_of_record
TN:
SF:src\components\ui\EmptyState.tsx
FN:24,EmptyState
FNF:1
FNH:0
FNDA:0,EmptyState
DA:15,0
DA:25,0
LF:2
LH:0
BRDA:24,0,0,0
BRDA:31,1,0,0
BRDA:31,1,1,0
BRDA:34,2,0,0
BRDA:34,2,1,0
BRF:5
BRH:0
end_of_record
TN:
SF:src\components\ui\EquipmentCard.tsx
FN:16,getPMBadgeClass
FN:22,EquipmentCard
FNF:2
FNH:0
FNDA:0,getPMBadgeClass
FNDA:0,EquipmentCard
DA:9,0
DA:17,0
DA:18,0
DA:19,0
DA:23,0
DA:24,0
DA:26,0
LF:7
LH:0
BRDA:17,0,0,0
BRDA:17,0,1,0
BRDA:18,1,0,0
BRDA:18,1,1,0
BRDA:50,2,0,0
BRDA:50,2,1,0
BRF:6
BRH:0
end_of_record
TN:
SF:src\components\ui\KPICard.tsx
FN:8,KPICard
FNF:1
FNH:0
FNDA:0,KPICard
DA:9,0
LF:1
LH:0
BRF:0
BRH:0
end_of_record
TN:
SF:src\components\ui\LegalFooter.tsx
FN:6,LegalFooter
FNF:1
FNH:0
FNDA:0,LegalFooter
DA:3,0
DA:4,0
DA:7,0
LF:3
LH:0
BRF:0
BRH:0
end_of_record
TN:
SF:src\components\ui\OTCard.tsx
FN:18,timeSince
FN:29,OTCard
FNF:2
FNH:0
FNDA:0,timeSince
FNDA:0,OTCard
DA:11,0
DA:19,0
DA:20,0
DA:21,0
DA:22,0
DA:23,0
DA:24,0
DA:25,0
DA:26,0
DA:30,0
DA:31,0
DA:32,0
DA:35,0
DA:36,0
DA:37,0
DA:38,0
DA:40,0
LF:17
LH:0
BRDA:23,0,0,0
BRDA:23,0,1,0
BRDA:24,1,0,0
BRDA:24,1,1,0
BRDA:36,2,0,0
BRDA:36,2,1,0
BRDA:37,3,0,0
BRDA:37,3,1,0
BRDA:38,4,0,0
BRDA:38,4,1,0
BRDA:42,5,0,0
BRDA:42,5,1,0
BRDA:68,6,0,0
BRDA:68,6,1,0
BRDA:80,7,0,0
BRDA:80,7,1,0
BRDA:80,8,0,0
BRDA:80,8,1,0
BRDA:89,9,0,0
BRDA:89,9,1,0
BRF:20
BRH:0
end_of_record
TN:
SF:src\components\ui\OfflineBanner.tsx
FN:6,OfflineBanner
FN:10,(anonymous_1)
FN:13,refresh
FN:15,(anonymous_3)
FN:16,(anonymous_4)
FN:21,(anonymous_5)
FNF:6
FNH:0
FNDA:0,OfflineBanner
FNDA:0,(anonymous_1)
FNDA:0,refresh
FNDA:0,(anonymous_3)
FNDA:0,(anonymous_4)
FNDA:0,(anonymous_5)
DA:7,0
DA:8,0
DA:10,0
DA:11,0
DA:14,0
DA:15,0
DA:19,0
DA:20,0
DA:21,0
DA:22,0
DA:23,0
DA:27,0
DA:29,0
LF:13
LH:0
BRDA:15,0,0,0
BRDA:15,0,1,0
BRDA:27,1,0,0
BRDA:27,1,1,0
BRDA:34,2,0,0
BRDA:34,2,1,0
BRDA:38,3,0,0
BRDA:38,3,1,0
BRF:8
BRH:0
end_of_record
TN:
SF:src\components\ui\PhotoCapture.tsx
FN:16,PhotoCapture
FN:20,handleFileChange
FN:37,(anonymous_2)
FN:46,(anonymous_3)
FN:73,(anonymous_4)
FN:82,(anonymous_5)
FNF:6
FNH:0
FNDA:0,PhotoCapture
FNDA:0,handleFileChange
FNDA:0,(anonymous_2)
FNDA:0,(anonymous_3)
FNDA:0,(anonymous_4)
FNDA:0,(anonymous_5)
DA:17,0
DA:18,0
DA:21,0
DA:22,0
DA:23,0
DA:24,0
DA:26,0
DA:29,0
DA:31,0
DA:37,0
DA:46,0
DA:74,0
DA:82,0
LF:13
LH:0
BRDA:16,0,0,0
BRDA:22,1,0,0
BRDA:22,1,1,0
BRDA:22,2,0,0
BRDA:22,2,1,0
BRDA:29,3,0,0
BRDA:29,3,1,0
BRDA:33,4,0,0
BRDA:33,4,1,0
BRDA:71,5,0,0
BRDA:71,5,1,0
BRF:11
BRH:0
end_of_record
TN:
SF:src\components\ui\PullIndicator.tsx
FN:10,PullIndicator
FNF:1
FNH:0
FNDA:0,PullIndicator
DA:11,0
DA:13,0
LF:2
LH:0
BRDA:11,0,0,0
BRDA:11,0,1,0
BRDA:11,1,0,0
BRDA:11,1,1,0
BRDA:21,2,0,0
BRDA:21,2,1,0
BRDA:24,3,0,0
BRDA:24,3,1,0
BRDA:28,4,0,0
BRDA:28,4,1,0
BRDA:28,4,2,0
BRDA:31,5,0,0
BRDA:31,5,1,0
BRF:13
BRH:0
end_of_record
TN:
SF:src\components\ui\Skeleton.tsx
FN:5,Skeleton
FN:9,SkeletonCard
FN:25,SkeletonKPI
FN:35,SkeletonList
FN:38,(anonymous_4)
FNF:5
FNH:0
FNDA:0,Skeleton
FNDA:0,SkeletonCard
FNDA:0,SkeletonKPI
FNDA:0,SkeletonList
FNDA:0,(anonymous_4)
DA:6,0
DA:10,0
DA:26,0
DA:36,0
DA:39,0
LF:5
LH:0
BRDA:5,0,0,0
BRDA:35,1,0,0
BRF:2
BRH:0
end_of_record
TN:
SF:src\components\ui\StatusDot.tsx
FN:12,StatusDot
FNF:1
FNH:0
FNDA:0,StatusDot
DA:5,0
DA:13,0
DA:14,0
LF:3
LH:0
BRDA:13,0,0,0
BRDA:13,0,1,0
BRF:2
BRH:0
end_of_record
TN:
SF:src\components\ui\SuccessToast.tsx
FN:14,AnimatedCheck
FN:34,ErrorIcon
FN:44,InfoIcon
FN:62,SuccessToast
FN:69,(anonymous_4)
FN:72,(anonymous_5)
FN:99,(anonymous_6)
FNF:7
FNH:0
FNDA:0,AnimatedCheck
FNDA:0,ErrorIcon
FNDA:0,InfoIcon
FNDA:0,SuccessToast
FNDA:0,(anonymous_4)
FNDA:0,(anonymous_5)
FNDA:0,(anonymous_6)
DA:15,0
DA:35,0
DA:45,0
DA:54,0
DA:60,0
DA:69,0
DA:70,0
DA:71,0
DA:72,0
DA:75,0
DA:77,0
DA:99,0
LF:12
LH:0
BRDA:66,0,0,0
BRDA:70,1,0,0
BRDA:70,1,1,0
BRDA:70,2,0,0
BRDA:70,2,1,0
BRDA:85,3,0,0
BRDA:85,3,1,0
BRDA:86,4,0,0
BRDA:86,4,1,0
BRDA:87,5,0,0
BRDA:87,5,1,0
BRDA:90,6,0,0
BRDA:90,6,1,0
BRDA:91,7,0,0
BRDA:91,7,1,0
BRDA:92,8,0,0
BRDA:92,8,1,0
BRDA:96,9,0,0
BRDA:96,9,1,0
BRDA:96,9,2,0
BRF:20
BRH:0
end_of_record
TN:
SF:src\data\dvir-systems.ts
FNF:0
FNH:0
DA:3,0
LF:1
LH:0
BRF:0
BRH:0
end_of_record
TN:
SF:src\data\equipment-catalog.ts
FN:45,getEquipmentById
FN:46,(anonymous_1)
FNF:2
FNH:0
FNDA:0,getEquipmentById
FNDA:0,(anonymous_1)
DA:3,1
DA:46,0
LF:2
LH:1
BRF:0
BRH:0
end_of_record
TN:
SF:src\data\fault-codes.ts
FN:106,(anonymous_0)
FN:113,lookupFaultCode
FN:121,buildFaultCodeSintoma
FNF:3
FNH:0
FNDA:0,(anonymous_0)
FNDA:0,lookupFaultCode
FNDA:0,buildFaultCodeSintoma
DA:20,0
DA:39,0
DA:54,0
DA:66,0
DA:80,0
DA:97,0
DA:105,0
DA:106,0
DA:114,0
DA:126,0
DA:132,0
DA:133,0
DA:135,0
DA:139,0
DA:140,0
DA:142,0
LF:16
LH:0
BRDA:114,0,0,0
BRDA:114,0,1,0
BRDA:132,1,0,0
BRDA:132,1,1,0
BRDA:139,2,0,0
BRDA:139,2,1,0
BRF:6
BRH:0
end_of_record
TN:
SF:src\data\fuel-benchmarks.ts
FN:13,isAnomalous
FNF:1
FNH:0
FNDA:0,isAnomalous
DA:1,0
DA:17,0
LF:2
LH:0
BRF:0
BRH:0
end_of_record
TN:
SF:src\data\mock-workorders.ts
FNF:0
FNH:0
DA:3,0
LF:1
LH:0
BRF:0
BRH:0
end_of_record
TN:
SF:src\data\pm-parts-catalog.ts
FN:307,getCumulativePMParts
FN:315,(anonymous_1)
FN:335,getAvailablePMLevels
FN:338,(anonymous_3)
FNF:4
FNH:0
FNDA:0,getCumulativePMParts
FNDA:0,(anonymous_1)
FNDA:0,getAvailablePMLevels
FNDA:0,(anonymous_3)
DA:26,0
DA:80,0
DA:134,0
DA:187,0
DA:238,0
DA:291,0
DA:312,0
DA:313,0
DA:315,0
DA:316,0
DA:318,0
DA:319,0
DA:320,0
DA:322,0
DA:323,0
DA:324,0
DA:325,0
DA:326,0
DA:329,0
DA:336,0
DA:337,0
DA:338,0
LF:22
LH:0
BRDA:313,0,0,0
BRDA:313,0,1,0
BRDA:316,1,0,0
BRDA:316,1,1,0
BRDA:337,2,0,0
BRDA:337,2,1,0
BRF:6
BRH:0
end_of_record
TN:
SF:src\data\pm-rules.ts
FN:24,getBrandThresholds
FN:32,getNextPM
FN:37,(anonymous_2)
FNF:3
FNH:0
FNDA:0,getBrandThresholds
FNDA:0,getNextPM
FNDA:0,(anonymous_2)
DA:1,0
DA:9,0
DA:17,0
DA:25,0
DA:26,0
DA:27,0
DA:29,0
DA:36,0
DA:37,0
DA:38,0
DA:41,0
DA:42,0
DA:43,0
DA:44,0
DA:45,0
DA:47,0
DA:48,0
DA:52,0
DA:53,0
DA:54,0
DA:55,0
DA:56,0
DA:58,0
LF:23
LH:0
BRDA:25,0,0,0
BRDA:25,0,1,0
BRDA:26,1,0,0
BRDA:26,1,1,0
BRDA:26,2,0,0
BRDA:26,2,1,0
BRDA:26,2,2,0
BRDA:47,3,0,0
BRDA:47,3,1,0
BRDA:47,4,0,0
BRDA:47,4,1,0
BRF:11
BRH:0
end_of_record
TN:
SF:src\data\transport-units.ts
FN:33,unitByPlates
FN:35,(anonymous_1)
FN:41,unitByMackNumber
FN:43,(anonymous_3)
FNF:4
FNH:0
FNDA:0,unitByPlates
FNDA:0,(anonymous_1)
FNDA:0,unitByMackNumber
FNDA:0,(anonymous_3)
DA:16,0
DA:34,0
DA:35,0
DA:36,0
DA:42,0
DA:43,0
LF:6
LH:0
BRDA:36,0,0,0
BRDA:36,0,1,0
BRF:2
BRH:0
end_of_record
TN:
SF:src\data\workshop-constants.ts
FNF:0
FNH:0
DA:8,0
LF:1
LH:0
BRF:0
BRH:0
end_of_record
TN:
SF:src\hooks\useApiHealth.ts
FN:26,useApiHealth
FN:29,(anonymous_1)
FN:45,(anonymous_2)
FN:48,(anonymous_3)
FNF:4
FNH:0
FNDA:0,useApiHealth
FNDA:0,(anonymous_1)
FNDA:0,(anonymous_2)
FNDA:0,(anonymous_3)
DA:24,0
DA:27,0
DA:29,0
DA:30,0
DA:31,0
DA:34,0
DA:35,0
DA:36,0
DA:38,0
DA:39,0
DA:41,0
DA:45,0
DA:46,0
DA:47,0
DA:48,0
DA:51,0
LF:16
LH:0
BRDA:34,0,0,0
BRDA:34,0,1,0
BRF:2
BRH:0
end_of_record
TN:
SF:src\hooks\useDashboardData.ts
FN:16,fetchCriticalOTs
FN:33,fetchAvgConsumption
FN:49,fetchAlertsToday
FN:62,useDashboardData
FN:71,(anonymous_4)
FN:78,(anonymous_5)
FN:110,(anonymous_6)
FN:118,(anonymous_7)
FN:121,(anonymous_8)
FN:122,(anonymous_9)
FN:128,(anonymous_10)
FN:132,(anonymous_11)
FNF:12
FNH:0
FNDA:0,fetchCriticalOTs
FNDA:0,fetchAvgConsumption
FNDA:0,fetchAlertsToday
FNDA:0,useDashboardData
FNDA:0,(anonymous_4)
FNDA:0,(anonymous_5)
FNDA:0,(anonymous_6)
FNDA:0,(anonymous_7)
FNDA:0,(anonymous_8)
FNDA:0,(anonymous_9)
FNDA:0,(anonymous_10)
FNDA:0,(anonymous_11)
DA:17,0
DA:18,0
DA:19,0
DA:20,0
DA:21,0
DA:22,0
DA:23,0
DA:27,0
DA:30,0
DA:34,0
DA:35,0
DA:36,0
DA:37,0
DA:38,0
DA:39,0
DA:40,0
DA:41,0
DA:42,0
DA:45,0
DA:46,0
DA:50,0
DA:51,0
DA:52,0
DA:53,0
DA:54,0
DA:55,0
DA:56,0
DA:59,0
DA:63,0
DA:64,0
DA:65,0
DA:66,0
DA:67,0
DA:68,0
DA:70,0
DA:71,0
DA:72,0
DA:74,0
DA:78,0
DA:79,0
DA:80,0
DA:82,0
DA:88,0
DA:90,0
DA:92,0
DA:93,0
DA:95,0
DA:98,0
DA:99,0
DA:101,0
DA:104,0
DA:105,0
DA:107,0
DA:110,0
DA:111,0
DA:112,0
DA:115,0
DA:118,0
DA:119,0
DA:120,0
DA:121,0
DA:122,0
DA:123,0
DA:124,0
DA:128,0
DA:129,0
DA:130,0
DA:131,0
DA:132,0
DA:135,0
LF:70
LH:0
BRDA:21,0,0,0
BRDA:21,0,1,0
BRDA:22,1,0,0
BRDA:22,1,1,0
BRDA:23,2,0,0
BRDA:23,2,1,0
BRDA:24,3,0,0
BRDA:24,3,1,0
BRDA:38,4,0,0
BRDA:38,4,1,0
BRDA:40,5,0,0
BRDA:40,5,1,0
BRDA:40,6,0,0
BRDA:40,6,1,0
BRDA:45,7,0,0
BRDA:45,7,1,0
BRDA:54,8,0,0
BRDA:54,8,1,0
BRDA:55,9,0,0
BRDA:55,9,1,0
BRDA:72,10,0,0
BRDA:72,10,1,0
BRDA:74,11,0,0
BRDA:74,11,1,0
BRDA:88,12,0,0
BRDA:88,12,1,0
BRDA:92,13,0,0
BRDA:92,13,1,0
BRDA:98,14,0,0
BRDA:98,14,1,0
BRDA:104,15,0,0
BRDA:104,15,1,0
BRDA:111,16,0,0
BRDA:111,16,1,0
BRF:34
BRH:0
end_of_record
TN:
SF:src\hooks\useEquipmentList.ts
FN:8,useEquipmentList
FN:15,useEquipmentById
FN:16,(anonymous_2)
FNF:3
FNH:3
FNDA:11,useEquipmentList
FNDA:3,useEquipmentById
FNDA:61,(anonymous_2)
DA:9,11
DA:16,61
LF:2
LH:2
BRF:0
BRH:0
end_of_record
TN:
SF:src\hooks\useOnlineStatus.ts
FN:3,useOnlineStatus
FN:6,(anonymous_1)
FN:7,(anonymous_2)
FN:8,(anonymous_3)
FN:11,(anonymous_4)
FNF:5
FNH:0
FNDA:0,useOnlineStatus
FNDA:0,(anonymous_1)
FNDA:0,(anonymous_2)
FNDA:0,(anonymous_3)
FNDA:0,(anonymous_4)
DA:4,0
DA:6,0
DA:7,0
DA:8,0
DA:9,0
DA:10,0
DA:11,0
DA:12,0
DA:13,0
DA:17,0
LF:10
LH:0
BRF:0
BRH:0
end_of_record
TN:
SF:src\hooks\usePullToRefresh.ts
FN:8,usePullToRefresh
FN:15,(anonymous_1)
FN:22,(anonymous_2)
FN:30,(anonymous_3)
FNF:4
FNH:0
FNDA:0,usePullToRefresh
FNDA:0,(anonymous_1)
FNDA:0,(anonymous_2)
FNDA:0,(anonymous_3)
DA:9,0
DA:10,0
DA:11,0
DA:12,0
DA:13,0
DA:15,0
DA:16,0
DA:17,0
DA:18,0
DA:22,0
DA:23,0
DA:24,0
DA:25,0
DA:26,0
DA:30,0
DA:31,0
DA:32,0
DA:33,0
DA:35,0
DA:36,0
DA:37,0
DA:38,0
DA:40,0
DA:43,0
DA:46,0
DA:52,0
LF:26
LH:0
BRDA:8,0,0,0
BRDA:16,1,0,0
BRDA:16,1,1,0
BRDA:16,2,0,0
BRDA:16,2,1,0
BRDA:23,3,0,0
BRDA:23,3,1,0
BRDA:25,4,0,0
BRDA:25,4,1,0
BRDA:31,5,0,0
BRDA:31,5,1,0
BRDA:32,6,0,0
BRDA:32,6,1,0
BRDA:35,7,0,0
BRDA:35,7,1,0
BRDA:47,8,0,0
BRDA:47,8,1,0
BRDA:47,9,0,0
BRDA:47,9,1,0
BRDA:47,10,0,0
BRDA:47,10,1,0
BRDA:48,11,0,0
BRDA:48,11,1,0
BRF:23
BRH:0
end_of_record
TN:
SF:src\hooks\useReducedMotion.ts
FN:3,useReducedMotion
FN:4,(anonymous_1)
FN:10,(anonymous_2)
FN:12,(anonymous_3)
FN:14,(anonymous_4)
FNF:5
FNH:0
FNDA:0,useReducedMotion
FNDA:0,(anonymous_1)
FNDA:0,(anonymous_2)
FNDA:0,(anonymous_3)
FNDA:0,(anonymous_4)
DA:4,0
DA:5,0
DA:10,0
DA:11,0
DA:12,0
DA:13,0
DA:14,0
DA:17,0
LF:8
LH:0
BRDA:5,0,0,0
BRDA:5,0,1,0
BRF:2
BRH:0
end_of_record
TN:
SF:src\hooks\useToast.ts
FN:18,useToast
FN:25,(anonymous_1)
FN:29,(anonymous_2)
FN:30,(anonymous_3)
FNF:4
FNH:0
FNDA:0,useToast
FNDA:0,(anonymous_1)
FNDA:0,(anonymous_2)
FNDA:0,(anonymous_3)
DA:19,0
DA:25,0
DA:26,0
DA:29,0
DA:30,0
DA:33,0
LF:6
LH:0
BRDA:25,0,0,0
BRF:1
BRH:0
end_of_record
TN:
SF:src\lib\data-adapter.ts
FNF:0
FNH:0
DA:10,2
DA:31,2
DA:42,2
DA:61,2
DA:78,2
DA:92,2
LF:6
LH:6
BRF:0
BRH:0
end_of_record
TN:
SF:src\lib\date-utils.ts
FN:10,mexicoDate
FN:20,mexicoTime
FN:31,mexicoDateInput
FN:38,(anonymous_3)
FN:39,(anonymous_4)
FN:40,(anonymous_5)
FN:45,mexicoTimeInput
FN:50,mexicoDateCompact
FN:57,(anonymous_8)
FN:58,(anonymous_9)
FN:59,(anonymous_10)
FN:64,mexicoTimeCompact
FN:71,(anonymous_12)
FN:72,(anonymous_13)
FNF:14
FNH:14
FNDA:3,mexicoDate
FNDA:6,mexicoTime
FNDA:3,mexicoDateInput
FNDA:3,(anonymous_3)
FNDA:9,(anonymous_4)
FNDA:15,(anonymous_5)
FNDA:2,mexicoTimeInput
FNDA:1011,mexicoDateCompact
FNDA:1011,(anonymous_8)
FNDA:3033,(anonymous_9)
FNDA:5055,(anonymous_10)
FNDA:1010,mexicoTimeCompact
FNDA:1010,(anonymous_12)
FNDA:3030,(anonymous_13)
DA:6,2
DA:7,2
DA:11,3
DA:21,6
DA:32,3
DA:38,3
DA:39,9
DA:40,15
DA:41,3
DA:46,2
DA:51,1011
DA:57,1011
DA:58,3033
DA:59,5055
DA:60,1011
DA:65,1010
DA:71,1010
DA:72,3030
DA:73,1010
LF:19
LH:19
BRDA:10,0,0,3
BRDA:20,1,0,6
BRDA:31,2,0,3
BRDA:38,3,0,3
BRDA:38,3,1,0
BRDA:39,4,0,3
BRDA:39,4,1,0
BRDA:40,5,0,3
BRDA:40,5,1,0
BRDA:45,6,0,2
BRDA:50,7,0,1011
BRDA:57,8,0,1011
BRDA:57,8,1,0
BRDA:58,9,0,1011
BRDA:58,9,1,0
BRDA:59,10,0,1011
BRDA:59,10,1,0
BRDA:64,11,0,1010
BRDA:71,12,0,1010
BRDA:71,12,1,0
BRDA:72,13,0,1010
BRDA:72,13,1,0
BRF:22
BRH:14
end_of_record
TN:
SF:src\lib\download-blob.ts
FN:5,downloadBlob
FN:15,(anonymous_1)
FNF:2
FNH:0
FNDA:0,downloadBlob
FNDA:0,(anonymous_1)
DA:6,0
DA:7,0
DA:8,0
DA:9,0
DA:10,0
DA:11,0
DA:12,0
DA:13,0
DA:15,0
LF:9
LH:0
BRF:0
BRH:0
end_of_record
TN:
SF:src\lib\gastos-pdf.ts
FN:11,loadLogoDataUrl
FN:13,(anonymous_1)
FN:15,(anonymous_2)
FN:19,(anonymous_3)
FN:23,(anonymous_4)
FN:38,(anonymous_5)
FN:44,(anonymous_6)
FN:105,(anonymous_7)
FN:108,(anonymous_8)
FN:130,generateGastosPDF
FN:154,drawHeader
FN:225,drawHeroKpi
FN:270,drawTypeBreakdown
FN:285,(anonymous_13)
FN:325,drawUnitDetails
FN:339,(anonymous_15)
FN:380,(anonymous_16)
FN:381,(anonymous_17)
FN:418,(anonymous_18)
FN:433,drawSectionHeader
FN:444,drawFooters
FNF:21
FNH:0
FNDA:0,loadLogoDataUrl
FNDA:0,(anonymous_1)
FNDA:0,(anonymous_2)
FNDA:0,(anonymous_3)
FNDA:0,(anonymous_4)
FNDA:0,(anonymous_5)
FNDA:0,(anonymous_6)
FNDA:0,(anonymous_7)
FNDA:0,(anonymous_8)
FNDA:0,generateGastosPDF
FNDA:0,drawHeader
FNDA:0,drawHeroKpi
FNDA:0,drawTypeBreakdown
FNDA:0,(anonymous_13)
FNDA:0,drawUnitDetails
FNDA:0,(anonymous_15)
FNDA:0,(anonymous_16)
FNDA:0,(anonymous_17)
FNDA:0,(anonymous_18)
FNDA:0,drawSectionHeader
FNDA:0,drawFooters
DA:7,0
DA:8,0
DA:9,0
DA:12,0
DA:13,0
DA:14,0
DA:16,0
DA:17,0
DA:20,0
DA:21,0
DA:22,0
DA:23,0
DA:24,0
DA:25,0
DA:26,0
DA:27,0
DA:28,0
DA:29,0
DA:30,0
DA:31,0
DA:33,0
DA:34,0
DA:35,0
DA:36,0
DA:38,0
DA:39,0
DA:40,0
DA:42,0
DA:44,0
DA:46,0
DA:78,0
DA:89,0
DA:96,0
DA:105,0
DA:106,0
DA:108,0
DA:109,0
DA:113,0
DA:131,0
DA:136,0
DA:138,0
DA:140,0
DA:141,0
DA:143,0
DA:144,0
DA:145,0
DA:147,0
DA:149,0
DA:155,0
DA:158,0
DA:159,0
DA:160,0
DA:163,0
DA:164,0
DA:167,0
DA:168,0
DA:169,0
DA:170,0
DA:171,0
DA:172,0
DA:176,0
DA:177,0
DA:178,0
DA:179,0
DA:180,0
DA:181,0
DA:182,0
DA:183,0
DA:186,0
DA:187,0
DA:188,0
DA:189,0
DA:190,0
DA:192,0
DA:193,0
DA:194,0
DA:195,0
DA:203,0
DA:204,0
DA:205,0
DA:207,0
DA:210,0
DA:218,0
DA:219,0
DA:220,0
DA:226,0
DA:227,0
DA:228,0
DA:231,0
DA:232,0
DA:235,0
DA:236,0
DA:237,0
DA:238,0
DA:240,0
DA:241,0
DA:242,0
DA:243,0
DA:245,0
DA:246,0
DA:247,0
DA:248,0
DA:255,0
DA:256,0
DA:257,0
DA:258,0
DA:260,0
DA:261,0
DA:262,0
DA:263,0
DA:265,0
DA:271,0
DA:272,0
DA:275,0
DA:276,0
DA:278,0
DA:279,0
DA:281,0
DA:283,0
DA:284,0
DA:285,0
DA:286,0
DA:287,0
DA:288,0
DA:289,0
DA:291,0
DA:294,0
DA:295,0
DA:298,0
DA:299,0
DA:302,0
DA:303,0
DA:304,0
DA:305,0
DA:308,0
DA:309,0
DA:310,0
DA:311,0
DA:314,0
DA:315,0
DA:316,0
DA:317,0
DA:320,0
DA:332,0
DA:333,0
DA:335,0
DA:336,0
DA:339,0
DA:341,0
DA:343,0
DA:344,0
DA:345,0
DA:346,0
DA:350,0
DA:351,0
DA:352,0
DA:353,0
DA:354,0
DA:356,0
DA:357,0
DA:358,0
DA:359,0
DA:361,0
DA:362,0
DA:363,0
DA:364,0
DA:370,0
DA:371,0
DA:372,0
DA:373,0
DA:375,0
DA:378,0
DA:380,0
DA:381,0
DA:389,0
DA:420,0
DA:425,0
DA:428,0
DA:434,0
DA:435,0
DA:436,0
DA:437,0
DA:438,0
DA:439,0
DA:440,0
DA:441,0
DA:445,0
DA:446,0
DA:447,0
DA:448,0
DA:449,0
DA:450,0
DA:451,0
DA:453,0
DA:454,0
DA:455,0
DA:456,0
DA:457,0
LF:198
LH:0
BRDA:12,0,0,0
BRDA:12,0,1,0
BRDA:16,1,0,0
BRDA:16,1,1,0
BRDA:28,2,0,0
BRDA:28,2,1,0
BRDA:158,3,0,0
BRDA:158,3,1,0
BRDA:207,4,0,0
BRDA:207,4,1,0
BRDA:286,5,0,0
BRDA:286,5,1,0
BRDA:287,6,0,0
BRDA:287,6,1,0
BRDA:288,7,0,0
BRDA:288,7,1,0
BRDA:343,8,0,0
BRDA:343,8,1,0
BRDA:365,9,0,0
BRDA:365,9,1,0
BRDA:383,10,0,0
BRDA:383,10,1,0
BRDA:384,11,0,0
BRDA:384,11,1,0
BRDA:385,12,0,0
BRDA:385,12,1,0
BRF:26
BRH:0
end_of_record
TN:
SF:src\lib\hermes-api.ts
FN:8,hermesPost
FN:19,(anonymous_1)
FN:40,(anonymous_2)
FN:47,hermesGet
FN:59,(anonymous_4)
FN:75,(anonymous_5)
FN:82,combineSignals
FN:86,(anonymous_7)
FN:106,diagnose
FN:123,photoToFailure
FN:140,manualLookup
FN:156,searchParts
FN:171,findDiagram
FN:184,getFaultCodePages
FNF:14
FNH:0
FNDA:0,hermesPost
FNDA:0,(anonymous_1)
FNDA:0,(anonymous_2)
FNDA:0,hermesGet
FNDA:0,(anonymous_4)
FNDA:0,(anonymous_5)
FNDA:0,combineSignals
FNDA:0,(anonymous_7)
FNDA:0,diagnose
FNDA:0,photoToFailure
FNDA:0,manualLookup
FNDA:0,searchParts
FNDA:0,findDiagram
FNDA:0,getFaultCodePages
DA:2,0
DA:5,0
DA:6,0
DA:13,0
DA:15,0
DA:16,0
DA:18,0
DA:19,0
DA:20,0
DA:22,0
DA:23,0
DA:29,0
DA:30,0
DA:31,0
DA:32,0
DA:34,0
DA:36,0
DA:37,0
DA:38,0
DA:39,0
DA:40,0
DA:44,0
DA:52,0
DA:53,0
DA:55,0
DA:56,0
DA:58,0
DA:59,0
DA:60,0
DA:62,0
DA:63,0
DA:64,0
DA:65,0
DA:66,0
DA:67,0
DA:69,0
DA:71,0
DA:72,0
DA:73,0
DA:74,0
DA:75,0
DA:79,0
DA:83,0
DA:84,0
DA:85,0
DA:86,0
DA:88,0
DA:107,0
DA:124,0
DA:141,0
DA:157,0
DA:158,0
DA:159,0
DA:172,0
DA:185,0
LF:55
LH:0
BRDA:16,0,0,0
BRDA:16,0,1,0
BRDA:20,1,0,0
BRDA:20,1,1,0
BRDA:30,2,0,0
BRDA:30,2,1,0
BRDA:37,3,0,0
BRDA:37,3,1,0
BRDA:38,4,0,0
BRDA:38,4,1,0
BRDA:39,5,0,0
BRDA:39,5,1,0
BRDA:52,6,0,0
BRDA:52,6,1,0
BRDA:56,7,0,0
BRDA:56,7,1,0
BRDA:60,8,0,0
BRDA:60,8,1,0
BRDA:65,9,0,0
BRDA:65,9,1,0
BRDA:72,10,0,0
BRDA:72,10,1,0
BRDA:73,11,0,0
BRDA:73,11,1,0
BRDA:74,12,0,0
BRDA:74,12,1,0
BRDA:85,13,0,0
BRDA:85,13,1,0
BRDA:158,14,0,0
BRDA:158,14,1,0
BRF:30
BRH:0
end_of_record
TN:
SF:src\lib\offline-queue.ts
FN:9,openDB
FN:10,(anonymous_1)
FN:12,(anonymous_2)
FN:15,(anonymous_3)
FN:16,(anonymous_4)
FN:27,queueSubmission
FN:31,(anonymous_6)
FN:32,(anonymous_7)
FN:33,(anonymous_8)
FN:37,getPendingSubmissions
FN:41,(anonymous_10)
FN:42,(anonymous_11)
FN:43,(anonymous_12)
FN:47,clearSubmission
FN:51,(anonymous_14)
FN:52,(anonymous_15)
FN:53,(anonymous_16)
FN:57,getPendingCount
FN:70,flushQueue
FNF:19
FNH:7
FNDA:1,openDB
FNDA:1,(anonymous_1)
FNDA:0,(anonymous_2)
FNDA:1,(anonymous_3)
FNDA:0,(anonymous_4)
FNDA:0,queueSubmission
FNDA:0,(anonymous_6)
FNDA:0,(anonymous_7)
FNDA:0,(anonymous_8)
FNDA:1,getPendingSubmissions
FNDA:1,(anonymous_10)
FNDA:1,(anonymous_11)
FNDA:0,(anonymous_12)
FNDA:0,clearSubmission
FNDA:0,(anonymous_14)
FNDA:0,(anonymous_15)
FNDA:0,(anonymous_16)
FNDA:0,getPendingCount
FNDA:3,flushQueue
DA:6,3
DA:7,3
DA:10,1
DA:11,1
DA:12,1
DA:13,0
DA:15,1
DA:16,1
DA:28,0
DA:29,0
DA:30,0
DA:31,0
DA:32,0
DA:33,0
DA:38,1
DA:39,1
DA:40,1
DA:41,1
DA:42,1
DA:43,1
DA:48,0
DA:49,0
DA:50,0
DA:51,0
DA:52,0
DA:53,0
DA:58,0
DA:59,0
DA:62,3
DA:71,3
DA:72,2
DA:73,1
DA:74,1
DA:75,1
DA:76,1
DA:78,0
DA:79,0
DA:81,0
DA:82,0
DA:83,0
DA:85,0
DA:86,0
DA:88,0
DA:89,0
DA:90,0
DA:91,0
DA:93,0
DA:97,0
DA:99,1
LF:49
LH:21
BRDA:71,0,0,1
BRDA:71,0,1,2
BRDA:72,1,0,1
BRDA:72,1,1,1
BRDA:76,2,0,1
BRDA:76,2,1,0
BRDA:83,3,0,0
BRDA:83,3,1,0
BRDA:83,4,0,0
BRDA:83,4,1,0
BRDA:85,5,0,0
BRDA:85,5,1,0
BRDA:90,6,0,0
BRDA:90,6,1,0
BRF:14
BRH:5
end_of_record
TN:
SF:src\lib\ot-generator.ts
FN:3,generateOTId
FNF:1
FNH:1
FNDA:1007,generateOTId
DA:4,1007
DA:5,1007
DA:6,1007
LF:3
LH:3
BRF:0
BRH:0
end_of_record
TN:
SF:src\lib\parts-dictionary.ts
FN:223,(anonymous_0)
FN:231,expandQuery
FNF:2
FNH:0
FNDA:0,(anonymous_0)
FNDA:0,expandQuery
DA:8,0
DA:222,0
DA:223,0
DA:232,0
DA:233,0
DA:236,0
DA:239,0
DA:242,0
DA:243,0
DA:244,0
DA:247,0
LF:11
LH:0
BRDA:236,0,0,0
BRDA:236,0,1,0
BRDA:239,1,0,0
BRDA:239,1,1,0
BRDA:243,2,0,0
BRDA:243,2,1,0
BRDA:243,3,0,0
BRDA:243,3,1,0
BRDA:244,4,0,0
BRDA:244,4,1,0
BRDA:244,5,0,0
BRDA:244,5,1,0
BRF:12
BRH:0
end_of_record
TN:
SF:src\lib\photo-upload-safe.ts
FN:11,tryUploadPhoto
FN:22,tryUploadPhotos
FN:24,(anonymous_2)
FN:27,(anonymous_3)
FNF:4
FNH:0
FNDA:0,tryUploadPhoto
FNDA:0,tryUploadPhotos
FNDA:0,(anonymous_2)
FNDA:0,(anonymous_3)
DA:12,0
DA:13,0
DA:15,0
DA:16,0
DA:18,0
DA:23,0
DA:24,0
DA:27,0
LF:8
LH:0
BRDA:12,0,0,0
BRDA:12,0,1,0
BRF:2
BRH:0
end_of_record
TN:
SF:src\lib\photo-upload.ts
FN:5,compressImage
FN:6,(anonymous_1)
FN:11,(anonymous_2)
FN:17,(anonymous_3)
FN:23,(anonymous_4)
FN:28,uploadPhoto
FN:53,fileToBase64
FN:54,(anonymous_7)
FN:56,(anonymous_8)
FN:60,(anonymous_9)
FNF:10
FNH:0
FNDA:0,compressImage
FNDA:0,(anonymous_1)
FNDA:0,(anonymous_2)
FNDA:0,(anonymous_3)
FNDA:0,(anonymous_4)
FNDA:0,uploadPhoto
FNDA:0,fileToBase64
FNDA:0,(anonymous_7)
FNDA:0,(anonymous_8)
FNDA:0,(anonymous_9)
DA:6,0
DA:7,0
DA:8,0
DA:9,0
DA:10,0
DA:11,0
DA:12,0
DA:13,0
DA:14,0
DA:15,0
DA:16,0
DA:17,0
DA:18,0
DA:23,0
DA:24,0
DA:29,0
DA:30,0
DA:32,0
DA:34,0
DA:35,0
DA:38,0
DA:39,0
DA:40,0
DA:43,0
DA:44,0
DA:45,0
DA:48,0
DA:49,0
DA:50,0
DA:54,0
DA:55,0
DA:56,0
DA:57,0
DA:58,0
DA:60,0
DA:61,0
LF:36
LH:0
BRDA:5,0,0,0
BRDA:9,1,0,0
BRDA:9,1,1,0
BRDA:18,2,0,0
BRDA:18,2,1,0
BRDA:29,3,0,0
BRDA:29,3,1,0
BRDA:32,4,0,0
BRDA:32,4,1,0
BRDA:34,5,0,0
BRDA:34,5,1,0
BRDA:38,6,0,0
BRDA:38,6,1,0
BRDA:44,7,0,0
BRDA:44,7,1,0
BRDA:48,8,0,0
BRDA:48,8,1,0
BRF:17
BRH:0
end_of_record
TN:
SF:src\lib\print-pm-order.ts
FN:18,printPMOrder
FN:20,(anonymous_1)
FNF:2
FNH:0
FNDA:0,printPMOrder
FNDA:0,(anonymous_1)
DA:19,0
DA:22,0
DA:34,0
DA:122,0
DA:123,0
DA:124,0
DA:125,0
LF:7
LH:0
BRDA:84,0,0,0
BRDA:84,0,1,0
BRDA:107,1,0,0
BRDA:107,1,1,0
BRDA:123,2,0,0
BRDA:123,2,1,0
BRF:6
BRH:0
end_of_record
TN:
SF:src\lib\priority-calculator.ts
FN:11,isRealClient
FN:15,calculatePriority
FNF:2
FNH:2
FNDA:12,isRealClient
FNDA:16,calculatePriority
DA:9,1
DA:12,12
DA:16,16
DA:17,13
DA:18,4
DA:19,2
LF:6
LH:6
BRDA:16,0,0,3
BRDA:16,0,1,13
BRDA:16,1,0,16
BRDA:16,1,1,12
BRDA:17,2,0,9
BRDA:17,2,1,4
BRDA:18,3,0,2
BRDA:18,3,1,2
BRDA:18,4,0,4
BRDA:18,4,1,2
BRF:10
BRH:10
end_of_record
TN:
SF:src\lib\push-notifications.ts
FN:19,requestPermission
FN:32,subscribeToPush
FN:60,sendPushEvent
FN:69,(anonymous_3)
FNF:4
FNH:0
FNDA:0,requestPermission
FNDA:0,subscribeToPush
FNDA:0,sendPushEvent
FNDA:0,(anonymous_3)
DA:15,0
DA:16,0
DA:20,0
DA:21,0
DA:22,0
DA:23,0
DA:24,0
DA:33,0
DA:34,0
DA:35,0
DA:36,0
DA:38,0
DA:39,0
DA:40,0
DA:46,0
DA:64,0
DA:65,0
LF:17
LH:0
BRDA:16,0,0,0
BRDA:16,0,1,0
BRDA:20,1,0,0
BRDA:20,1,1,0
BRDA:21,2,0,0
BRDA:21,2,1,0
BRDA:22,3,0,0
BRDA:22,3,1,0
BRDA:33,4,0,0
BRDA:33,4,1,0
BRDA:33,5,0,0
BRDA:33,5,1,0
BRDA:33,5,2,0
BRDA:36,6,0,0
BRDA:36,6,1,0
BRDA:40,7,0,0
BRDA:40,7,1,0
BRDA:64,8,0,0
BRDA:64,8,1,0
BRF:19
BRH:0
end_of_record
TN:
SF:src\lib\sentry.ts
FN:8,breadcrumbNavigation
FN:16,breadcrumbFormSubmit
[...]
BRDA:165,18,1,0
BRDA:165,19,0,0
BRDA:165,19,1,0
BRDA:169,20,0,0
BRDA:169,20,1,0
BRDA:171,21,0,0
BRDA:171,21,1,0
BRDA:178,22,0,0
BRDA:178,22,1,0
BRDA:181,23,0,0
BRDA:181,23,1,0
BRDA:181,24,0,0
BRDA:181,24,1,0
BRDA:183,25,0,0
BRDA:183,25,1,0
BRDA:183,26,0,0
BRDA:183,26,1,0
BRDA:195,27,0,0
BRDA:195,27,1,0
BRDA:206,28,0,0
BRDA:206,28,1,0
BRDA:224,29,0,0
BRDA:224,29,1,0
BRDA:237,30,0,0
BRDA:237,30,1,0
BRDA:238,31,0,0
BRDA:238,31,1,0
BRDA:244,32,0,0
BRDA:244,32,1,0
BRDA:266,33,0,0
BRDA:266,33,1,0
BRDA:279,34,0,0
BRDA:279,34,1,0
BRDA:280,35,0,0
BRDA:280,35,1,0
BRDA:281,36,0,0
BRDA:281,36,1,0
BRDA:293,37,0,0
BRDA:293,37,1,0
BRDA:329,38,0,0
BRDA:329,38,1,0
BRDA:338,39,0,0
BRDA:338,39,1,0
BRDA:348,40,0,0
BRDA:348,40,1,0
BRDA:365,41,0,0
BRDA:365,41,1,0
BRDA:444,42,0,0
BRDA:444,42,1,0
BRDA:464,43,0,0
BRDA:464,43,1,0
BRDA:490,44,0,0
BRDA:490,44,1,0
BRDA:505,45,0,0
BRDA:505,45,1,0
BRDA:518,46,0,0
BRDA:518,46,1,0
BRDA:527,47,0,0
BRDA:527,47,1,0
BRDA:540,48,0,0
BRDA:540,48,1,0
BRDA:547,49,0,0
BRDA:547,49,1,0
BRDA:562,50,0,0
BRDA:562,50,1,0
BRDA:598,51,0,0
BRDA:598,51,1,0
BRDA:609,52,0,0
BRDA:609,52,1,0
BRDA:645,53,0,0
BRDA:645,53,1,0
BRDA:649,54,0,0
BRDA:649,54,1,0
BRDA:651,55,0,0
BRDA:651,55,1,0
BRF:114
BRH:0
end_of_record
TN:
SF:src\pages\ViajesPenaPage.tsx
FN:13,ViajesPenaPage
FN:15,(anonymous_1)
FN:42,handleSubmitIntent
FN:47,handleConfirm
FN:77,handleToastDismiss
FN:95,(anonymous_5)
FN:102,(anonymous_6)
FN:120,(anonymous_7)
FN:124,(anonymous_8)
FN:138,(anonymous_9)
FN:150,(anonymous_10)
FN:162,(anonymous_11)
FN:175,(anonymous_12)
FN:185,(anonymous_13)
FN:205,(anonymous_14)
FN:209,(anonymous_15)
FN:223,(anonymous_16)
FN:234,(anonymous_17)
FNF:18
FNH:0
FNDA:0,ViajesPenaPage
FNDA:0,(anonymous_1)
FNDA:0,handleSubmitIntent
FNDA:0,handleConfirm
FNDA:0,handleToastDismiss
FNDA:0,(anonymous_5)
FNDA:0,(anonymous_6)
FNDA:0,(anonymous_7)
FNDA:0,(anonymous_8)
FNDA:0,(anonymous_9)
FNDA:0,(anonymous_10)
FNDA:0,(anonymous_11)
FNDA:0,(anonymous_12)
FNDA:0,(anonymous_13)
FNDA:0,(anonymous_14)
FNDA:0,(anonymous_15)
FNDA:0,(anonymous_16)
FNDA:0,(anonymous_17)
DA:11,0
DA:14,0
DA:15,0
DA:17,0
DA:18,0
DA:19,0
DA:20,0
DA:21,0
DA:22,0
DA:23,0
DA:24,0
DA:25,0
DA:26,0
DA:27,0
DA:28,0
DA:31,0
DA:36,0
DA:43,0
DA:44,0
DA:48,0
DA:50,0
DA:51,0
DA:53,0
DA:54,0
DA:70,0
DA:73,0
DA:74,0
DA:78,0
DA:79,0
DA:82,0
DA:95,0
DA:102,0
DA:120,0
DA:125,0
DA:138,0
DA:150,0
DA:162,0
DA:175,0
DA:185,0
DA:205,0
DA:210,0
DA:223,0
DA:234,0
LF:43
LH:0
BRDA:31,0,0,0
BRDA:31,0,1,0
BRDA:31,1,0,0
BRDA:31,1,1,0
BRDA:32,2,0,0
BRDA:32,2,1,0
BRDA:32,3,0,0
BRDA:32,3,1,0
BRDA:36,4,0,0
BRDA:36,4,1,0
BRDA:36,4,2,0
BRDA:36,4,3,0
BRDA:36,4,4,0
BRDA:43,5,0,0
BRDA:43,5,1,0
BRDA:50,6,0,0
BRDA:50,6,1,0
BRDA:51,7,0,0
BRDA:51,7,1,0
BRDA:66,8,0,0
BRDA:66,8,1,0
BRDA:93,9,0,0
BRDA:93,9,1,0
BRDA:196,10,0,0
BRDA:196,10,1,0
BRF:25
BRH:0
end_of_record
TN:
SF:src\pages\WorkOrderDetailPage.tsx
FN:19,canEditField
FN:24,StatusPillRow
FN:30,(anonymous_2)
FN:51,TimelineEntry
FN:73,WorkOrderDetailPage
FN:77,(anonymous_5)
FN:78,(anonymous_6)
FN:87,(anonymous_7)
FN:97,(anonymous_8)
FN:107,(anonymous_9)
FN:108,(anonymous_10)
FN:110,handleSave
FN:119,(anonymous_12)
FN:137,(anonymous_13)
FN:163,(anonymous_14)
FN:244,(anonymous_15)
FN:276,(anonymous_16)
FN:279,(anonymous_17)
FN:286,(anonymous_18)
FN:303,(anonymous_19)
FN:310,(anonymous_20)
FN:324,(anonymous_21)
FN:329,(anonymous_22)
FN:351,(anonymous_23)
FN:358,(anonymous_24)
FN:373,(anonymous_25)
FN:381,(anonymous_26)
FN:399,(anonymous_27)
FNF:28
FNH:0
FNDA:0,canEditField
FNDA:0,StatusPillRow
FNDA:0,(anonymous_2)
FNDA:0,TimelineEntry
FNDA:0,WorkOrderDetailPage
FNDA:0,(anonymous_5)
FNDA:0,(anonymous_6)
FNDA:0,(anonymous_7)
FNDA:0,(anonymous_8)
FNDA:0,(anonymous_9)
FNDA:0,(anonymous_10)
FNDA:0,handleSave
FNDA:0,(anonymous_12)
FNDA:0,(anonymous_13)
FNDA:0,(anonymous_14)
FNDA:0,(anonymous_15)
FNDA:0,(anonymous_16)
FNDA:0,(anonymous_17)
FNDA:0,(anonymous_18)
FNDA:0,(anonymous_19)
FNDA:0,(anonymous_20)
FNDA:0,(anonymous_21)
FNDA:0,(anonymous_22)
FNDA:0,(anonymous_23)
FNDA:0,(anonymous_24)
FNDA:0,(anonymous_25)
FNDA:0,(anonymous_26)
FNDA:0,(anonymous_27)
DA:10,0
DA:21,0
DA:25,0
DA:26,0
DA:28,0
DA:31,0
DA:32,0
DA:33,0
DA:34,0
DA:52,0
DA:53,0
DA:74,0
DA:75,0
DA:76,0
DA:77,0
DA:78,0
DA:80,0
DA:81,0
DA:82,0
DA:83,0
DA:84,0
DA:85,0
DA:87,0
DA:88,0
DA:89,0
DA:93,0
DA:94,0
DA:97,0
DA:98,0
DA:99,0
DA:100,0
DA:101,0
DA:102,0
DA:106,0
DA:107,0
DA:108,0
DA:111,0
DA:112,0
DA:113,0
DA:114,0
DA:115,0
DA:117,0
DA:118,0
DA:119,0
DA:121,0
DA:125,0
DA:126,0
DA:133,0
DA:134,0
DA:137,0
DA:149,0
DA:150,0
DA:151,0
DA:152,0
DA:154,0
DA:163,0
DA:245,0
DA:276,0
DA:280,0
DA:286,0
DA:303,0
DA:310,0
DA:325,0
DA:329,0
DA:351,0
DA:358,0
DA:373,0
DA:381,0
DA:400,0
LF:69
LH:0
BRDA:39,0,0,0
BRDA:39,0,1,0
BRDA:39,1,0,0
BRDA:39,1,1,0
BRDA:40,2,0,0
BRDA:40,2,1,0
BRDA:40,3,0,0
BRDA:40,3,1,0
BRDA:52,4,0,0
BRDA:52,4,1,0
BRDA:61,5,0,0
BRDA:61,5,1,0
BRDA:88,6,0,0
BRDA:88,6,1,0
BRDA:93,7,0,0
BRDA:93,7,1,0
BRDA:94,8,0,0
BRDA:94,8,1,0
BRDA:98,9,0,0
BRDA:98,9,1,0
BRDA:101,10,0,0
BRDA:101,10,1,0
BRDA:111,11,0,0
BRDA:111,11,1,0
BRDA:111,12,0,0
BRDA:111,12,1,0
BRDA:115,13,0,0
BRDA:115,13,1,0
BRDA:117,14,0,0
BRDA:117,14,1,0
BRDA:125,15,0,0
BRDA:125,15,1,0
BRDA:125,16,0,0
BRDA:125,16,1,0
BRDA:133,17,0,0
BRDA:133,17,1,0
BRDA:150,18,0,0
BRDA:150,18,1,0
BRDA:152,19,0,0
BRDA:152,19,1,0
BRDA:156,20,0,0
BRDA:156,20,1,0
BRDA:170,21,0,0
BRDA:170,21,1,0
BRDA:194,22,0,0
BRDA:194,22,1,0
BRDA:203,23,0,0
BRDA:203,23,1,0
BRDA:211,24,0,0
BRDA:211,24,1,0
BRDA:226,25,0,0
BRDA:226,25,1,0
BRDA:233,26,0,0
BRDA:233,26,1,0
BRDA:240,27,0,0
BRDA:240,27,1,0
BRDA:256,28,0,0
BRDA:256,28,1,0
BRDA:265,29,0,0
BRDA:265,29,1,0
BRDA:270,30,0,0
BRDA:270,30,1,0
BRDA:285,31,0,0
BRDA:285,31,1,0
BRDA:289,32,0,0
BRDA:289,32,1,0
BRDA:296,33,0,0
BRDA:296,33,1,0
BRDA:309,34,0,0
BRDA:309,34,1,0
BRDA:313,35,0,0
BRDA:313,35,1,0
BRDA:320,36,0,0
BRDA:320,36,1,0
BRDA:331,37,0,0
BRDA:331,37,1,0
BRDA:344,38,0,0
BRDA:344,38,1,0
BRDA:357,39,0,0
BRDA:357,39,1,0
BRDA:357,40,0,0
BRDA:357,40,1,0
BRDA:361,41,0,0
BRDA:361,41,1,0
BRDA:368,42,0,0
BRDA:368,42,1,0
BRDA:380,43,0,0
BRDA:380,43,1,0
BRDA:384,44,0,0
BRDA:384,44,1,0
BRDA:392,45,0,0
BRDA:392,45,1,0
BRF:92
BRH:0
end_of_record
TN:
SF:src\pages\WorkOrdersPage.tsx
FN:25,WorkOrdersPage
FN:33,(anonymous_1)
FN:40,(anonymous_2)
FN:43,(anonymous_3)
FN:65,(anonymous_4)
FN:94,(anonymous_5)
FN:98,(anonymous_6)
FN:118,(anonymous_7)
FN:122,(anonymous_8)
FNF:9
FNH:0
FNDA:0,WorkOrdersPage
FNDA:0,(anonymous_1)
FNDA:0,(anonymous_2)
FNDA:0,(anonymous_3)
FNDA:0,(anonymous_4)
FNDA:0,(anonymous_5)
FNDA:0,(anonymous_6)
FNDA:0,(anonymous_7)
FNDA:0,(anonymous_8)
DA:12,0
DA:14,0
DA:26,0
DA:27,0
DA:28,0
DA:30,0
DA:33,0
DA:34,0
DA:35,0
DA:40,0
DA:41,0
DA:44,0
DA:47,0
DA:48,0
DA:56,0
DA:57,0
DA:65,0
DA:75,0
DA:95,0
DA:98,0
DA:119,0
DA:122,0
LF:22
LH:0
BRDA:34,0,0,0
BRDA:34,0,1,0
BRDA:41,1,0,0
BRDA:41,1,1,0
BRDA:44,2,0,0
BRDA:44,2,1,0
BRDA:44,2,2,0
BRDA:47,3,0,0
BRDA:47,3,1,0
BRDA:47,4,0,0
BRDA:47,4,1,0
BRDA:56,5,0,0
BRDA:56,5,1,0
BRDA:56,6,0,0
BRDA:56,6,1,0
BRDA:100,7,0,0
BRDA:100,7,1,0
BRDA:111,8,0,0
BRDA:111,8,1,0
BRF:19
BRH:0
end_of_record
TN:
SF:src\pages\WorkshopHomePage.tsx
FN:47,WorkshopHomePage
FN:49,(anonymous_1)
FN:55,(anonymous_2)
FN:59,(anonymous_3)
FN:60,(anonymous_4)
FN:63,(anonymous_5)
FN:65,(anonymous_6)
FN:65,(anonymous_7)
FN:66,(anonymous_8)
FN:71,(anonymous_9)
FN:73,(anonymous_10)
FN:74,(anonymous_11)
FN:77,(anonymous_12)
FN:81,handleRefresh
FN:86,(anonymous_14)
FN:87,(anonymous_15)
FN:90,(anonymous_16)
FN:147,(anonymous_17)
FN:150,(anonymous_18)
FN:166,(anonymous_19)
FN:182,(anonymous_20)
FN:186,(anonymous_21)
FNF:22
FNH:0
FNDA:0,WorkshopHomePage
FNDA:0,(anonymous_1)
FNDA:0,(anonymous_2)
FNDA:0,(anonymous_3)
FNDA:0,(anonymous_4)
FNDA:0,(anonymous_5)
FNDA:0,(anonymous_6)
FNDA:0,(anonymous_7)
FNDA:0,(anonymous_8)
FNDA:0,(anonymous_9)
FNDA:0,(anonymous_10)
FNDA:0,(anonymous_11)
FNDA:0,(anonymous_12)
FNDA:0,handleRefresh
FNDA:0,(anonymous_14)
FNDA:0,(anonymous_15)
FNDA:0,(anonymous_16)
FNDA:0,(anonymous_17)
FNDA:0,(anonymous_18)
FNDA:0,(anonymous_19)
FNDA:0,(anonymous_20)
FNDA:0,(anonymous_21)
DA:28,0
DA:36,0
DA:48,0
DA:49,0
DA:50,0
DA:53,0
DA:55,0
DA:56,0
DA:59,0
DA:60,0
DA:63,0
DA:64,0
DA:65,0
DA:66,0
DA:69,0
DA:71,0
DA:72,0
DA:74,0
DA:75,0
DA:77,0
DA:82,0
DA:83,0
DA:84,0
DA:85,0
DA:87,0
DA:88,0
DA:90,0
DA:94,0
DA:95,0
DA:97,0
DA:99,0
DA:148,0
DA:150,0
DA:167,0
DA:183,0
DA:186,0
LF:36
LH:0
BRDA:56,0,0,0
BRDA:56,0,1,0
BRDA:74,1,0,0
BRDA:74,1,1,0
BRDA:87,2,0,0
BRDA:87,2,1,0
BRDA:95,3,0,0
BRDA:95,3,1,0
BRDA:95,4,0,0
BRDA:95,4,1,0
BRDA:97,5,0,0
BRDA:97,5,1,0
BRDA:113,6,0,0
BRDA:113,6,1,0
BRDA:121,7,0,0
BRDA:121,7,1,0
BRDA:127,8,0,0
BRDA:127,8,1,0
BRDA:139,9,0,0
BRDA:139,9,1,0
BRDA:163,10,0,0
BRDA:163,10,1,0
BRDA:165,11,0,0
BRDA:165,11,1,0
BRDA:179,12,0,0
BRDA:179,12,1,0
BRDA:181,13,0,0
BRDA:181,13,1,0
BRF:28
BRH:0
end_of_record
TN:
SF:src\stores\analyticsStore.ts
FN:57,(anonymous_0)
FN:67,(anonymous_1)
FN:73,(anonymous_2)
FN:98,(anonymous_3)
FN:99,(anonymous_4)
FN:100,(anonymous_5)
FN:102,(anonymous_6)
FN:105,(anonymous_7)
FN:105,(anonymous_8)
FN:126,(anonymous_9)
FN:131,(anonymous_10)
FN:136,(anonymous_11)
FN:138,(anonymous_12)
FNF:13
FNH:0
FNDA:0,(anonymous_0)
FNDA:0,(anonymous_1)
FNDA:0,(anonymous_2)
FNDA:0,(anonymous_3)
FNDA:0,(anonymous_4)
FNDA:0,(anonymous_5)
FNDA:0,(anonymous_6)
FNDA:0,(anonymous_7)
FNDA:0,(anonymous_8)
FNDA:0,(anonymous_9)
FNDA:0,(anonymous_10)
FNDA:0,(anonymous_11)
FNDA:0,(anonymous_12)
DA:57,0
DA:68,0
DA:69,0
DA:71,0
DA:73,0
DA:74,0
DA:75,0
DA:76,0
DA:78,0
DA:79,0
DA:83,0
DA:90,0
DA:98,0
DA:99,0
DA:100,0
DA:103,0
DA:105,0
DA:107,0
DA:110,0
DA:112,0
DA:113,0
DA:115,0
DA:118,0
DA:127,0
DA:128,0
DA:132,0
DA:133,0
DA:136,0
DA:139,0
DA:140,0
LF:30
LH:0
BRDA:68,0,0,0
BRDA:68,0,1,0
BRDA:78,1,0,0
BRDA:78,1,1,0
BRDA:92,2,0,0
BRDA:92,2,1,0
BRDA:98,3,0,0
BRDA:98,3,1,0
BRDA:107,4,0,0
BRDA:107,4,1,0
BRDA:110,5,0,0
BRDA:110,5,1,0
BRDA:112,6,0,0
BRDA:112,6,1,0
BRDA:113,7,0,0
BRDA:113,7,1,0
BRDA:113,8,0,0
BRDA:113,8,1,0
BRF:18
BRH:0
end_of_record
TN:
SF:src\stores\auth-store.ts
FN:24,(anonymous_0)
FN:31,(anonymous_1)
FN:44,(anonymous_2)
FN:56,(anonymous_3)
FNF:4
FNH:0
FNDA:0,(anonymous_0)
FNDA:0,(anonymous_1)
FNDA:0,(anonymous_2)
FNDA:0,(anonymous_3)
DA:14,0
DA:23,0
DA:25,0
DA:32,0
DA:33,0
DA:34,0
DA:35,0
DA:41,0
DA:45,0
DA:56,0
LF:10
LH:0
BRDA:32,0,0,0
BRDA:32,0,1,0
BRDA:34,1,0,0
BRDA:34,1,1,0
BRF:4
BRH:0
end_of_record
TN:
SF:src\stores\cart-store.ts
FN:26,(anonymous_0)
FN:30,(anonymous_1)
FN:31,(anonymous_2)
FN:34,(anonymous_3)
FN:37,(anonymous_4)
FN:47,(anonymous_5)
FN:48,(anonymous_6)
FN:48,(anonymous_7)
FN:50,(anonymous_8)
FN:51,(anonymous_9)
FN:52,(anonymous_10)
FN:55,(anonymous_11)
FNF:12
FNH:12
FNDA:1,(anonymous_0)
FNDA:22,(anonymous_1)
FNDA:22,(anonymous_2)
FNDA:7,(anonymous_3)
FNDA:1,(anonymous_4)
FNDA:3,(anonymous_5)
FNDA:3,(anonymous_6)
FNDA:4,(anonymous_7)
FNDA:4,(anonymous_8)
FNDA:4,(anonymous_9)
FNDA:5,(anonymous_10)
FNDA:2,(anonymous_11)
DA:25,1
DA:27,1
DA:31,22
DA:33,22
DA:34,20
DA:35,20
DA:36,1
DA:38,1
DA:43,21
DA:44,21
DA:48,4
DA:51,4
DA:52,5
DA:55,2
LF:14
LH:14
BRDA:33,0,0,20
BRDA:33,0,1,2
BRDA:34,1,0,7
BRDA:34,1,1,1
BRDA:35,2,0,1
BRDA:35,2,1,19
BRDA:38,3,0,1
BRDA:38,3,1,0
BRDA:52,4,0,3
BRDA:52,4,1,2
BRF:10
BRH:9
end_of_record
TN:
SF:src\stores\catalogo-store.ts
FN:43,catalogKey
FN:69,(anonymous_1)
FN:74,(anonymous_2)
FN:83,(anonymous_3)
FN:94,(anonymous_4)
FN:117,(anonymous_5)
FN:123,(anonymous_6)
FN:141,(anonymous_7)
FN:144,(anonymous_8)
FNF:9
FNH:0
FNDA:0,catalogKey
FNDA:0,(anonymous_1)
FNDA:0,(anonymous_2)
FNDA:0,(anonymous_3)
FNDA:0,(anonymous_4)
FNDA:0,(anonymous_5)
FNDA:0,(anonymous_6)
FNDA:0,(anonymous_7)
FNDA:0,(anonymous_8)
DA:44,0
DA:45,0
DA:46,0
DA:69,0
DA:76,0
DA:84,0
DA:85,0
DA:87,0
DA:88,0
DA:90,0
DA:91,0
DA:94,0
DA:95,0
DA:96,0
DA:97,0
DA:99,0
DA:112,0
DA:113,0
DA:117,0
DA:118,0
DA:119,0
DA:120,0
DA:121,0
DA:122,0
DA:123,0
DA:124,0
DA:134,0
DA:135,0
DA:137,0
DA:142,0
DA:143,0
DA:144,0
DA:146,0
LF:33
LH:0
BRDA:45,0,0,0
BRDA:45,0,1,0
BRDA:88,1,0,0
BRDA:88,1,1,0
BRDA:91,2,0,0
BRDA:91,2,1,0
BRDA:95,3,0,0
BRDA:95,3,1,0
BRDA:95,4,0,0
BRDA:95,4,1,0
BRDA:96,5,0,0
BRDA:96,5,1,0
BRDA:96,6,0,0
BRDA:96,6,1,0
BRDA:97,7,0,0
BRDA:97,7,1,0
BRDA:120,8,0,0
BRDA:120,8,1,0
BRDA:122,9,0,0
BRDA:122,9,1,0
BRDA:128,10,0,0
BRDA:128,10,1,0
BRDA:128,11,0,0
BRDA:128,11,1,0
BRDA:129,12,0,0
BRDA:129,12,1,0
BRDA:129,13,0,0
BRDA:129,13,1,0
BRDA:132,14,0,0
BRDA:132,14,1,0
BRDA:134,15,0,0
BRDA:134,15,1,0
BRDA:142,16,0,0
BRDA:142,16,1,0
BRDA:146,17,0,0
BRDA:146,17,1,0
BRDA:146,17,2,0
BRF:37
BRH:0
end_of_record
TN:
SF:src\stores\equipment-store.ts
FN:7,normalizeStatus
FN:22,parseEquipmentRow
FN:55,(anonymous_2)
FN:61,(anonymous_3)
FN:66,(anonymous_4)
FN:76,(anonymous_5)
FNF:6
FNH:6
FNDA:11,normalizeStatus
FNDA:12,parseEquipmentRow
FNDA:1,(anonymous_2)
FNDA:1,(anonymous_3)
FNDA:14,(anonymous_4)
FNDA:12,(anonymous_5)
DA:8,11
DA:9,11
DA:10,4
DA:11,3
DA:12,3
DA:13,2
DA:14,1
DA:23,12
DA:24,12
DA:26,11
DA:27,12
DA:29,12
DA:55,1
DA:62,1
DA:63,1
DA:67,14
DA:68,12
DA:69,12
DA:70,12
DA:72,11
DA:73,11
DA:76,12
DA:77,11
DA:79,1
LF:24
LH:24
BRDA:8,0,0,11
BRDA:8,0,1,0
BRDA:9,1,0,7
BRDA:9,1,1,4
BRDA:10,2,0,1
BRDA:10,2,1,3
BRDA:11,3,0,0
BRDA:11,3,1,3
BRDA:12,4,0,1
BRDA:12,4,1,2
BRDA:13,5,0,1
BRDA:13,5,1,1
BRDA:23,6,0,12
BRDA:23,6,1,0
BRDA:24,7,0,1
BRDA:24,7,1,11
BRDA:26,8,0,11
BRDA:26,8,1,0
BRDA:27,9,0,12
BRDA:27,9,1,0
BRDA:31,10,0,12
BRDA:31,10,1,0
BRDA:32,11,0,12
BRDA:32,11,1,0
BRDA:32,12,0,12
BRDA:32,12,1,0
BRDA:34,13,0,12
BRDA:34,13,1,0
BRDA:35,14,0,12
BRDA:35,14,1,0
BRDA:35,15,0,12
BRDA:35,15,1,0
BRDA:38,16,0,12
BRDA:38,16,1,0
BRDA:67,17,0,2
BRDA:67,17,1,12
BRDA:67,18,0,14
BRDA:67,18,1,13
BRF:38
BRH:26
end_of_record
TN:
SF:src\stores\gastos-store.ts
FN:70,parseNum
FN:74,parseGastoRow
FN:99,makeGastoId
FN:110,serializeItems
FN:112,(anonymous_4)
FN:113,(anonymous_5)
FN:122,(anonymous_6)
FN:129,(anonymous_7)
FN:146,(anonymous_8)
FN:193,(anonymous_9)
FN:199,(anonymous_10)
FN:214,(anonymous_11)
FN:216,(anonymous_12)
FN:217,(anonymous_13)
FNF:14
FNH:0
FNDA:0,parseNum
FNDA:0,parseGastoRow
FNDA:0,makeGastoId
FNDA:0,serializeItems
FNDA:0,(anonymous_4)
FNDA:0,(anonymous_5)
FNDA:0,(anonymous_6)
FNDA:0,(anonymous_7)
FNDA:0,(anonymous_8)
FNDA:0,(anonymous_9)
FNDA:0,(anonymous_10)
FNDA:0,(anonymous_11)
FNDA:0,(anonymous_12)
FNDA:0,(anonymous_13)
DA:71,0
DA:75,0
DA:76,0
DA:100,0
DA:101,0
DA:102,0
DA:103,0
DA:111,0
DA:112,0
DA:114,0
DA:115,0
DA:122,0
DA:130,0
DA:131,0
DA:132,0
DA:133,0
DA:134,0
DA:135,0
DA:136,0
DA:137,0
DA:139,0
DA:141,0
DA:142,0
DA:147,0
DA:148,0
DA:149,0
DA:150,0
DA:152,0
DA:153,0
DA:173,0
DA:193,0
DA:199,0
DA:200,0
DA:202,0
DA:203,0
DA:206,0
DA:208,0
DA:209,0
DA:210,0
DA:216,0
DA:217,0
DA:219,0
DA:221,0
DA:224,0
LF:44
LH:0
BRDA:71,0,0,0
BRDA:71,0,1,0
BRDA:71,1,0,0
BRDA:71,1,1,0
BRDA:75,2,0,0
BRDA:75,2,1,0
BRDA:75,3,0,0
BRDA:75,3,1,0
BRDA:77,4,0,0
BRDA:77,4,1,0
BRDA:78,5,0,0
BRDA:78,5,1,0
BRDA:79,6,0,0
BRDA:79,6,1,0
BRDA:80,7,0,0
BRDA:80,7,1,0
BRDA:81,8,0,0
BRDA:81,8,1,0
BRDA:82,9,0,0
BRDA:82,9,1,0
BRDA:83,10,0,0
BRDA:83,10,1,0
BRDA:87,11,0,0
BRDA:87,11,1,0
BRDA:88,12,0,0
BRDA:88,12,1,0
BRDA:89,13,0,0
BRDA:89,13,1,0
BRDA:90,14,0,0
BRDA:90,14,1,0
BRDA:91,15,0,0
BRDA:91,15,1,0
BRDA:92,16,0,0
BRDA:92,16,1,0
BRDA:93,17,0,0
BRDA:93,17,1,0
BRDA:114,18,0,0
BRDA:114,18,1,0
BRDA:130,19,0,0
BRDA:130,19,1,0
BRDA:137,20,0,0
BRDA:137,20,1,0
BRDA:141,21,0,0
BRDA:141,21,1,0
BRDA:200,22,0,0
BRDA:200,22,1,0
BRDA:200,22,2,0
BRDA:202,23,0,0
BRDA:202,23,1,0
BRDA:208,24,0,0
BRDA:208,24,1,0
BRF:51
BRH:0
end_of_record
TN:
SF:src\stores\workorder-store.ts
FN:30,withTimeout
FN:33,(anonymous_1)
FN:34,(anonymous_2)
FN:57,parseWorkOrderRow
FN:79,parseStatusLogRow
FN:92,applyStatusLog
FN:93,(anonymous_6)
FN:126,(anonymous_7)
FN:133,(anonymous_8)
FN:165,(anonymous_9)
FN:166,(anonymous_10)
FN:183,(anonymous_11)
FN:185,(anonymous_12)
FN:247,(anonymous_13)
FN:248,(anonymous_14)
FN:251,(anonymous_15)
FN:254,(anonymous_16)
FN:261,(anonymous_17)
FN:267,(anonymous_18)
FN:268,(anonymous_19)
FN:273,(anonymous_20)
FN:274,(anonymous_21)
FN:281,(anonymous_22)
FN:282,(anonymous_23)
FN:293,(anonymous_24)
FNF:25
FNH:14
FNDA:22,withTimeout
FNDA:22,(anonymous_1)
FNDA:0,(anonymous_2)
FNDA:9,parseWorkOrderRow
FNDA:8,parseStatusLogRow
FNDA:11,applyStatusLog
FNDA:1,(anonymous_6)
FNDA:1,(anonymous_7)
FNDA:12,(anonymous_8)
FNDA:2,(anonymous_9)
FNDA:2,(anonymous_10)
FNDA:2,(anonymous_11)
FNDA:2,(anonymous_12)
FNDA:2,(anonymous_13)
FNDA:1,(anonymous_14)
FNDA:0,(anonymous_15)
FNDA:0,(anonymous_16)
FNDA:0,(anonymous_17)
FNDA:0,(anonymous_18)
FNDA:0,(anonymous_19)
FNDA:0,(anonymous_20)
FNDA:0,(anonymous_21)
FNDA:0,(anonymous_22)
FNDA:0,(anonymous_23)
FNDA:0,(anonymous_24)
DA:10,1
DA:31,22
DA:34,22
DA:58,9
DA:59,8
DA:80,8
DA:81,8
DA:93,11
DA:94,11
DA:95,11
DA:96,8
DA:98,11
DA:99,8
DA:100,8
DA:101,7
DA:103,3
DA:104,3
DA:106,1
DA:107,1
DA:109,1
DA:110,1
DA:112,0
DA:113,0
DA:115,1
DA:116,1
DA:118,1
DA:119,1
DA:121,7
DA:123,11
DA:126,1
DA:134,12
DA:135,11
DA:136,11
DA:137,11
DA:142,11
DA:143,12
DA:145,12
DA:146,12
DA:147,9
DA:148,9
DA:151,11
DA:152,11
DA:153,8
DA:154,8
DA:157,11
DA:158,11
DA:160,0
DA:161,0
DA:166,2
DA:167,2
DA:169,2
DA:170,2
DA:172,2
DA:183,2
DA:184,2
DA:185,2
DA:186,2
DA:187,2
DA:188,2
DA:190,2
DA:191,2
DA:193,0
DA:194,0
DA:196,0
DA:197,0
DA:199,0
DA:200,0
DA:202,0
DA:203,0
DA:205,0
DA:206,0
DA:208,2
DA:210,2
DA:213,2
DA:214,2
DA:224,2
DA:225,2
DA:226,2
DA:227,2
DA:234,2
DA:235,2
DA:236,2
DA:242,0
DA:243,0
DA:248,2
DA:252,0
DA:253,0
DA:254,0
DA:257,0
DA:263,0
DA:264,0
DA:265,0
DA:266,0
DA:267,0
DA:268,0
DA:269,0
DA:271,0
DA:272,0
DA:273,0
DA:275,0
DA:278,0
DA:279,0
DA:280,0
DA:281,0
DA:282,0
DA:287,0
DA:293,0
DA:294,0
LF:108
LH:69
BRDA:58,0,0,1
BRDA:58,0,1,8
BRDA:58,1,0,9
BRDA:58,1,1,9
BRDA:60,2,0,8
BRDA:60,2,1,0
BRDA:61,3,0,9
BRDA:61,3,1,0
BRDA:62,4,0,9
BRDA:62,4,1,0
BRDA:63,5,0,9
BRDA:63,5,1,0
BRDA:64,6,0,9
BRDA:64,6,1,0
BRDA:65,7,0,9
BRDA:65,7,1,0
BRDA:66,8,0,9
BRDA:66,8,1,0
BRDA:67,9,0,9
BRDA:67,9,1,0
BRDA:68,10,0,9
BRDA:68,10,1,0
BRDA:69,11,0,9
BRDA:69,11,1,0
BRDA:70,12,0,9
BRDA:70,12,1,0
BRDA:71,13,0,9
BRDA:71,13,1,0
BRDA:72,14,0,9
BRDA:72,14,1,8
BRDA:73,15,0,9
BRDA:73,15,1,0
BRDA:74,16,0,9
BRDA:74,16,1,0
BRDA:75,17,0,9
BRDA:75,17,1,8
BRDA:80,18,0,0
BRDA:80,18,1,8
BRDA:80,19,0,8
BRDA:80,19,1,8
BRDA:82,20,0,8
BRDA:82,20,1,0
BRDA:83,21,0,8
BRDA:83,21,1,0
BRDA:84,22,0,8
BRDA:84,22,1,0
BRDA:85,23,0,8
BRDA:85,23,1,0
BRDA:86,24,0,8
BRDA:86,24,1,0
BRDA:87,25,0,8
BRDA:87,25,1,0
BRDA:88,26,0,8
BRDA:88,26,1,0
BRDA:100,27,0,1
BRDA:100,27,1,7
BRDA:101,28,0,7
BRDA:101,28,1,1
BRDA:101,28,2,1
BRDA:101,28,3,0
BRDA:101,28,4,1
BRDA:101,28,5,1
BRDA:109,29,0,1
BRDA:109,29,1,0
BRDA:115,30,0,1
BRDA:115,30,1,0
BRDA:134,31,0,1
BRDA:134,31,1,11
BRDA:142,32,0,10
BRDA:142,32,1,1
BRDA:143,33,0,10
BRDA:143,33,1,1
BRDA:148,34,0,8
BRDA:148,34,1,1
BRDA:154,35,0,8
BRDA:154,35,1,0
BRDA:160,36,0,0
BRDA:160,36,1,0
BRDA:167,37,0,0
BRDA:167,37,1,2
BRDA:169,38,0,2
BRDA:169,38,1,0
BRDA:186,39,0,0
BRDA:186,39,1,2
BRDA:188,40,0,2
BRDA:188,40,1,0
BRDA:188,40,2,0
BRDA:188,40,3,0
BRDA:188,40,4,0
BRDA:188,40,5,0
BRDA:196,41,0,0
BRDA:196,41,1,0
BRDA:202,42,0,0
BRDA:202,42,1,0
BRDA:225,43,0,2
BRDA:225,43,1,0
BRDA:234,44,0,2
BRDA:234,44,1,0
BRDA:242,45,0,0
BRDA:242,45,1,0
BRDA:252,46,0,0
BRDA:252,46,1,0
BRDA:263,47,0,0
BRDA:263,47,1,0
BRDA:265,48,0,0
BRDA:265,48,1,0
BRDA:268,49,0,0
BRDA:268,49,1,0
BRDA:271,50,0,0
BRDA:271,50,1,0
BRDA:275,51,0,0
BRDA:275,51,1,0
BRDA:278,52,0,0
BRDA:278,52,1,0
BRDA:280,53,0,0
BRDA:280,53,1,0
BRF:116
BRH:56
end_of_record
TN:
SF:src\types\chat.ts
FNF:0
FNH:0
LF:0
LH:0
BRF:0
BRH:0
end_of_record
TN:
SF:src\types\dvir.ts
FNF:0
FNH:0
LF:0
LH:0
BRF:0
BRH:0
end_of_record
TN:
SF:src\types\equipment.ts
FNF:0
FNH:0
LF:0
LH:0
BRF:0
BRH:0
end_of_record
TN:
SF:src\types\fuel.ts
FNF:0
FNH:0
LF:0
LH:0
BRF:0
BRH:0
end_of_record
TN:
SF:src\types\roles.ts
FNF:0
FNH:0
DA:16,0
DA:119,0
DA:128,0
LF:3
LH:0
BRF:0
BRH:0
end_of_record
TN:
SF:src\types\trip.ts
FNF:0
FNH:0
LF:0
LH:0
BRF:0
BRH:0
end_of_record
TN:
SF:src\types\workorder.ts
FN:18,getNextStatuses
FNF:1
FNH:0
FNDA:0,getNextStatuses
DA:4,0
DA:19,0
DA:20,0
DA:21,0
DA:43,0
DA:50,0
LF:6
LH:0
BRDA:20,0,0,0
BRDA:20,0,1,0
BRF:2
BRH:0
end_of_record
